[2025-04-01T09:19:48.132+0000] {processor.py:161} INFO - Started process (PID=95) to work on /opt/airflow/dags/dag_python_operator.py
[2025-04-01T09:19:48.135+0000] {processor.py:830} INFO - Processing file /opt/airflow/dags/dag_python_operator.py for tasks to queue
[2025-04-01T09:19:48.140+0000] {logging_mixin.py:188} INFO - [2025-04-01T09:19:48.139+0000] {dagbag.py:538} INFO - Filling up the DagBag from /opt/airflow/dags/dag_python_operator.py
[2025-04-01T09:19:48.239+0000] {processor.py:840} INFO - DAG(s) 'dag_python_operator' retrieved from /opt/airflow/dags/dag_python_operator.py
[2025-04-01T09:19:48.537+0000] {logging_mixin.py:188} INFO - [2025-04-01T09:19:48.535+0000] {override.py:1769} INFO - Created Permission View: can read on DAG:dag_python_operator
[2025-04-01T09:19:48.563+0000] {logging_mixin.py:188} INFO - [2025-04-01T09:19:48.562+0000] {override.py:1769} INFO - Created Permission View: can edit on DAG:dag_python_operator
[2025-04-01T09:19:48.579+0000] {logging_mixin.py:188} INFO - [2025-04-01T09:19:48.578+0000] {override.py:1769} INFO - Created Permission View: can delete on DAG:dag_python_operator
[2025-04-01T09:19:48.580+0000] {logging_mixin.py:188} INFO - [2025-04-01T09:19:48.580+0000] {dag.py:3036} INFO - Sync 1 DAGs
[2025-04-01T09:19:48.606+0000] {logging_mixin.py:188} INFO - [2025-04-01T09:19:48.605+0000] {dag.py:3058} INFO - Creating ORM DAG for dag_python_operator
[2025-04-01T09:19:48.629+0000] {logging_mixin.py:188} INFO - [2025-04-01T09:19:48.629+0000] {dag.py:3823} INFO - Setting next_dagrun for dag_python_operator to 2025-03-30 21:30:00+00:00, run_after=2025-03-31 21:30:00+00:00
[2025-04-01T09:19:48.675+0000] {processor.py:183} INFO - Processing /opt/airflow/dags/dag_python_operator.py took 0.550 seconds
[2025-04-01T09:20:19.421+0000] {processor.py:161} INFO - Started process (PID=167) to work on /opt/airflow/dags/dag_python_operator.py
[2025-04-01T09:20:19.423+0000] {processor.py:830} INFO - Processing file /opt/airflow/dags/dag_python_operator.py for tasks to queue
[2025-04-01T09:20:19.426+0000] {logging_mixin.py:188} INFO - [2025-04-01T09:20:19.426+0000] {dagbag.py:538} INFO - Filling up the DagBag from /opt/airflow/dags/dag_python_operator.py
[2025-04-01T09:20:19.457+0000] {processor.py:840} INFO - DAG(s) 'dag_python_operator' retrieved from /opt/airflow/dags/dag_python_operator.py
[2025-04-01T09:20:19.482+0000] {logging_mixin.py:188} INFO - [2025-04-01T09:20:19.482+0000] {dag.py:3036} INFO - Sync 1 DAGs
[2025-04-01T09:20:19.512+0000] {logging_mixin.py:188} INFO - [2025-04-01T09:20:19.511+0000] {dag.py:3823} INFO - Setting next_dagrun for dag_python_operator to 2025-03-30 21:30:00+00:00, run_after=2025-03-31 21:30:00+00:00
[2025-04-01T09:20:19.539+0000] {processor.py:183} INFO - Processing /opt/airflow/dags/dag_python_operator.py took 0.124 seconds
[2025-04-01T09:20:49.204+0000] {processor.py:161} INFO - Started process (PID=242) to work on /opt/airflow/dags/dag_python_operator.py
[2025-04-01T09:20:49.208+0000] {processor.py:830} INFO - Processing file /opt/airflow/dags/dag_python_operator.py for tasks to queue
[2025-04-01T09:20:49.215+0000] {logging_mixin.py:188} INFO - [2025-04-01T09:20:49.213+0000] {dagbag.py:538} INFO - Filling up the DagBag from /opt/airflow/dags/dag_python_operator.py
[2025-04-01T09:20:49.272+0000] {processor.py:840} INFO - DAG(s) 'dag_python_operator' retrieved from /opt/airflow/dags/dag_python_operator.py
[2025-04-01T09:20:49.333+0000] {logging_mixin.py:188} INFO - [2025-04-01T09:20:49.332+0000] {dag.py:3036} INFO - Sync 1 DAGs
[2025-04-01T09:20:49.395+0000] {logging_mixin.py:188} INFO - [2025-04-01T09:20:49.395+0000] {dag.py:3823} INFO - Setting next_dagrun for dag_python_operator to 2025-03-30 21:30:00+00:00, run_after=2025-03-31 21:30:00+00:00
[2025-04-01T09:20:49.450+0000] {processor.py:183} INFO - Processing /opt/airflow/dags/dag_python_operator.py took 0.252 seconds
[2025-04-01T09:21:20.483+0000] {processor.py:161} INFO - Started process (PID=307) to work on /opt/airflow/dags/dag_python_operator.py
[2025-04-01T09:21:20.485+0000] {processor.py:830} INFO - Processing file /opt/airflow/dags/dag_python_operator.py for tasks to queue
[2025-04-01T09:21:20.487+0000] {logging_mixin.py:188} INFO - [2025-04-01T09:21:20.487+0000] {dagbag.py:538} INFO - Filling up the DagBag from /opt/airflow/dags/dag_python_operator.py
[2025-04-01T09:21:20.510+0000] {processor.py:840} INFO - DAG(s) 'dag_python_operator' retrieved from /opt/airflow/dags/dag_python_operator.py
[2025-04-01T09:21:20.536+0000] {logging_mixin.py:188} INFO - [2025-04-01T09:21:20.535+0000] {dag.py:3036} INFO - Sync 1 DAGs
[2025-04-01T09:21:20.563+0000] {logging_mixin.py:188} INFO - [2025-04-01T09:21:20.563+0000] {dag.py:3823} INFO - Setting next_dagrun for dag_python_operator to 2025-03-30 21:30:00+00:00, run_after=2025-03-31 21:30:00+00:00
[2025-04-01T09:21:20.586+0000] {processor.py:183} INFO - Processing /opt/airflow/dags/dag_python_operator.py took 0.107 seconds
[2025-04-01T09:21:50.902+0000] {processor.py:161} INFO - Started process (PID=370) to work on /opt/airflow/dags/dag_python_operator.py
[2025-04-01T09:21:50.904+0000] {processor.py:830} INFO - Processing file /opt/airflow/dags/dag_python_operator.py for tasks to queue
[2025-04-01T09:21:50.906+0000] {logging_mixin.py:188} INFO - [2025-04-01T09:21:50.906+0000] {dagbag.py:538} INFO - Filling up the DagBag from /opt/airflow/dags/dag_python_operator.py
[2025-04-01T09:21:50.928+0000] {processor.py:840} INFO - DAG(s) 'dag_python_operator' retrieved from /opt/airflow/dags/dag_python_operator.py
[2025-04-01T09:21:50.951+0000] {logging_mixin.py:188} INFO - [2025-04-01T09:21:50.951+0000] {dag.py:3036} INFO - Sync 1 DAGs
[2025-04-01T09:21:50.976+0000] {logging_mixin.py:188} INFO - [2025-04-01T09:21:50.976+0000] {dag.py:3823} INFO - Setting next_dagrun for dag_python_operator to 2025-03-30 21:30:00+00:00, run_after=2025-03-31 21:30:00+00:00
[2025-04-01T09:21:50.998+0000] {processor.py:183} INFO - Processing /opt/airflow/dags/dag_python_operator.py took 0.103 seconds
[2025-04-01T09:22:23.467+0000] {processor.py:161} INFO - Started process (PID=438) to work on /opt/airflow/dags/dag_python_operator.py
[2025-04-01T09:22:23.470+0000] {processor.py:830} INFO - Processing file /opt/airflow/dags/dag_python_operator.py for tasks to queue
[2025-04-01T09:22:23.476+0000] {logging_mixin.py:188} INFO - [2025-04-01T09:22:23.475+0000] {dagbag.py:538} INFO - Filling up the DagBag from /opt/airflow/dags/dag_python_operator.py
[2025-04-01T09:22:23.523+0000] {processor.py:840} INFO - DAG(s) 'dag_python_operator' retrieved from /opt/airflow/dags/dag_python_operator.py
[2025-04-01T09:22:23.574+0000] {logging_mixin.py:188} INFO - [2025-04-01T09:22:23.573+0000] {dag.py:3036} INFO - Sync 1 DAGs
[2025-04-01T09:22:23.631+0000] {logging_mixin.py:188} INFO - [2025-04-01T09:22:23.630+0000] {dag.py:3823} INFO - Setting next_dagrun for dag_python_operator to 2025-03-30 21:30:00+00:00, run_after=2025-03-31 21:30:00+00:00
[2025-04-01T09:22:23.688+0000] {processor.py:183} INFO - Processing /opt/airflow/dags/dag_python_operator.py took 0.229 seconds
[2025-04-01T09:22:53.838+0000] {processor.py:161} INFO - Started process (PID=506) to work on /opt/airflow/dags/dag_python_operator.py
[2025-04-01T09:22:53.839+0000] {processor.py:830} INFO - Processing file /opt/airflow/dags/dag_python_operator.py for tasks to queue
[2025-04-01T09:22:53.841+0000] {logging_mixin.py:188} INFO - [2025-04-01T09:22:53.841+0000] {dagbag.py:538} INFO - Filling up the DagBag from /opt/airflow/dags/dag_python_operator.py
[2025-04-01T09:22:53.861+0000] {processor.py:840} INFO - DAG(s) 'dag_python_operator' retrieved from /opt/airflow/dags/dag_python_operator.py
[2025-04-01T09:22:53.878+0000] {logging_mixin.py:188} INFO - [2025-04-01T09:22:53.878+0000] {dag.py:3036} INFO - Sync 1 DAGs
[2025-04-01T09:22:53.894+0000] {logging_mixin.py:188} INFO - [2025-04-01T09:22:53.894+0000] {dag.py:3823} INFO - Setting next_dagrun for dag_python_operator to 2025-03-30 21:30:00+00:00, run_after=2025-03-31 21:30:00+00:00
[2025-04-01T09:22:53.909+0000] {processor.py:183} INFO - Processing /opt/airflow/dags/dag_python_operator.py took 0.074 seconds
[2025-04-01T09:23:24.806+0000] {processor.py:161} INFO - Started process (PID=574) to work on /opt/airflow/dags/dag_python_operator.py
[2025-04-01T09:23:24.807+0000] {processor.py:830} INFO - Processing file /opt/airflow/dags/dag_python_operator.py for tasks to queue
[2025-04-01T09:23:24.809+0000] {logging_mixin.py:188} INFO - [2025-04-01T09:23:24.809+0000] {dagbag.py:538} INFO - Filling up the DagBag from /opt/airflow/dags/dag_python_operator.py
[2025-04-01T09:23:24.833+0000] {processor.py:840} INFO - DAG(s) 'dag_python_operator' retrieved from /opt/airflow/dags/dag_python_operator.py
[2025-04-01T09:23:24.853+0000] {logging_mixin.py:188} INFO - [2025-04-01T09:23:24.853+0000] {dag.py:3036} INFO - Sync 1 DAGs
[2025-04-01T09:23:24.876+0000] {logging_mixin.py:188} INFO - [2025-04-01T09:23:24.875+0000] {dag.py:3823} INFO - Setting next_dagrun for dag_python_operator to 2025-03-30 21:30:00+00:00, run_after=2025-03-31 21:30:00+00:00
[2025-04-01T09:23:24.895+0000] {processor.py:183} INFO - Processing /opt/airflow/dags/dag_python_operator.py took 0.093 seconds
[2025-04-01T09:23:55.704+0000] {processor.py:161} INFO - Started process (PID=648) to work on /opt/airflow/dags/dag_python_operator.py
[2025-04-01T09:23:55.706+0000] {processor.py:830} INFO - Processing file /opt/airflow/dags/dag_python_operator.py for tasks to queue
[2025-04-01T09:23:55.710+0000] {logging_mixin.py:188} INFO - [2025-04-01T09:23:55.710+0000] {dagbag.py:538} INFO - Filling up the DagBag from /opt/airflow/dags/dag_python_operator.py
[2025-04-01T09:23:55.748+0000] {processor.py:840} INFO - DAG(s) 'dag_python_operator' retrieved from /opt/airflow/dags/dag_python_operator.py
[2025-04-01T09:23:55.781+0000] {logging_mixin.py:188} INFO - [2025-04-01T09:23:55.781+0000] {dag.py:3036} INFO - Sync 1 DAGs
[2025-04-01T09:23:55.816+0000] {logging_mixin.py:188} INFO - [2025-04-01T09:23:55.816+0000] {dag.py:3823} INFO - Setting next_dagrun for dag_python_operator to 2025-03-30 21:30:00+00:00, run_after=2025-03-31 21:30:00+00:00
[2025-04-01T09:23:55.848+0000] {processor.py:183} INFO - Processing /opt/airflow/dags/dag_python_operator.py took 0.150 seconds
[2025-04-01T09:24:26.378+0000] {processor.py:161} INFO - Started process (PID=716) to work on /opt/airflow/dags/dag_python_operator.py
[2025-04-01T09:24:26.379+0000] {processor.py:830} INFO - Processing file /opt/airflow/dags/dag_python_operator.py for tasks to queue
[2025-04-01T09:24:26.382+0000] {logging_mixin.py:188} INFO - [2025-04-01T09:24:26.381+0000] {dagbag.py:538} INFO - Filling up the DagBag from /opt/airflow/dags/dag_python_operator.py
[2025-04-01T09:24:26.403+0000] {processor.py:840} INFO - DAG(s) 'dag_python_operator' retrieved from /opt/airflow/dags/dag_python_operator.py
[2025-04-01T09:24:26.422+0000] {logging_mixin.py:188} INFO - [2025-04-01T09:24:26.422+0000] {dag.py:3036} INFO - Sync 1 DAGs
[2025-04-01T09:24:26.442+0000] {logging_mixin.py:188} INFO - [2025-04-01T09:24:26.442+0000] {dag.py:3823} INFO - Setting next_dagrun for dag_python_operator to 2025-03-30 21:30:00+00:00, run_after=2025-03-31 21:30:00+00:00
[2025-04-01T09:24:26.462+0000] {processor.py:183} INFO - Processing /opt/airflow/dags/dag_python_operator.py took 0.087 seconds
[2025-04-01T09:24:56.693+0000] {processor.py:161} INFO - Started process (PID=784) to work on /opt/airflow/dags/dag_python_operator.py
[2025-04-01T09:24:56.695+0000] {processor.py:830} INFO - Processing file /opt/airflow/dags/dag_python_operator.py for tasks to queue
[2025-04-01T09:24:56.698+0000] {logging_mixin.py:188} INFO - [2025-04-01T09:24:56.698+0000] {dagbag.py:538} INFO - Filling up the DagBag from /opt/airflow/dags/dag_python_operator.py
[2025-04-01T09:24:56.736+0000] {processor.py:840} INFO - DAG(s) 'dag_python_operator' retrieved from /opt/airflow/dags/dag_python_operator.py
[2025-04-01T09:24:56.767+0000] {logging_mixin.py:188} INFO - [2025-04-01T09:24:56.767+0000] {dag.py:3036} INFO - Sync 1 DAGs
[2025-04-01T09:24:56.806+0000] {logging_mixin.py:188} INFO - [2025-04-01T09:24:56.806+0000] {dag.py:3823} INFO - Setting next_dagrun for dag_python_operator to 2025-03-30 21:30:00+00:00, run_after=2025-03-31 21:30:00+00:00
[2025-04-01T09:24:56.839+0000] {processor.py:183} INFO - Processing /opt/airflow/dags/dag_python_operator.py took 0.152 seconds
[2025-04-01T09:26:27.902+0000] {processor.py:161} INFO - Started process (PID=89) to work on /opt/airflow/dags/dag_python_operator.py
[2025-04-01T09:26:27.904+0000] {processor.py:830} INFO - Processing file /opt/airflow/dags/dag_python_operator.py for tasks to queue
[2025-04-01T09:26:27.913+0000] {logging_mixin.py:188} INFO - [2025-04-01T09:26:27.911+0000] {dagbag.py:538} INFO - Filling up the DagBag from /opt/airflow/dags/dag_python_operator.py
[2025-04-01T09:26:27.980+0000] {processor.py:840} INFO - DAG(s) 'dag_python_operator' retrieved from /opt/airflow/dags/dag_python_operator.py
[2025-04-01T09:26:28.285+0000] {logging_mixin.py:188} INFO - [2025-04-01T09:26:28.283+0000] {override.py:1769} INFO - Created Permission View: can read on DAG:dag_python_operator
[2025-04-01T09:26:28.311+0000] {logging_mixin.py:188} INFO - [2025-04-01T09:26:28.310+0000] {override.py:1769} INFO - Created Permission View: can delete on DAG:dag_python_operator
[2025-04-01T09:26:28.327+0000] {logging_mixin.py:188} INFO - [2025-04-01T09:26:28.326+0000] {override.py:1769} INFO - Created Permission View: can edit on DAG:dag_python_operator
[2025-04-01T09:26:28.329+0000] {logging_mixin.py:188} INFO - [2025-04-01T09:26:28.328+0000] {dag.py:3036} INFO - Sync 1 DAGs
[2025-04-01T09:26:28.352+0000] {logging_mixin.py:188} INFO - [2025-04-01T09:26:28.352+0000] {dag.py:3058} INFO - Creating ORM DAG for dag_python_operator
[2025-04-01T09:26:28.378+0000] {logging_mixin.py:188} INFO - [2025-04-01T09:26:28.378+0000] {dag.py:3823} INFO - Setting next_dagrun for dag_python_operator to 2025-03-30 21:30:00+00:00, run_after=2025-03-31 21:30:00+00:00
[2025-04-01T09:26:28.428+0000] {processor.py:183} INFO - Processing /opt/airflow/dags/dag_python_operator.py took 0.538 seconds
[2025-04-01T09:26:58.959+0000] {processor.py:161} INFO - Started process (PID=157) to work on /opt/airflow/dags/dag_python_operator.py
[2025-04-01T09:26:58.960+0000] {processor.py:830} INFO - Processing file /opt/airflow/dags/dag_python_operator.py for tasks to queue
[2025-04-01T09:26:58.963+0000] {logging_mixin.py:188} INFO - [2025-04-01T09:26:58.963+0000] {dagbag.py:538} INFO - Filling up the DagBag from /opt/airflow/dags/dag_python_operator.py
[2025-04-01T09:26:58.994+0000] {processor.py:840} INFO - DAG(s) 'dag_python_operator' retrieved from /opt/airflow/dags/dag_python_operator.py
[2025-04-01T09:26:59.019+0000] {logging_mixin.py:188} INFO - [2025-04-01T09:26:59.019+0000] {dag.py:3036} INFO - Sync 1 DAGs
[2025-04-01T09:26:59.046+0000] {logging_mixin.py:188} INFO - [2025-04-01T09:26:59.045+0000] {dag.py:3823} INFO - Setting next_dagrun for dag_python_operator to 2025-03-30 21:30:00+00:00, run_after=2025-03-31 21:30:00+00:00
[2025-04-01T09:26:59.071+0000] {processor.py:183} INFO - Processing /opt/airflow/dags/dag_python_operator.py took 0.117 seconds
[2025-04-01T09:27:31.545+0000] {processor.py:161} INFO - Started process (PID=225) to work on /opt/airflow/dags/dag_python_operator.py
[2025-04-01T09:27:31.548+0000] {processor.py:830} INFO - Processing file /opt/airflow/dags/dag_python_operator.py for tasks to queue
[2025-04-01T09:27:31.554+0000] {logging_mixin.py:188} INFO - [2025-04-01T09:27:31.553+0000] {dagbag.py:538} INFO - Filling up the DagBag from /opt/airflow/dags/dag_python_operator.py
[2025-04-01T09:27:31.613+0000] {processor.py:840} INFO - DAG(s) 'dag_python_operator' retrieved from /opt/airflow/dags/dag_python_operator.py
[2025-04-01T09:27:31.668+0000] {logging_mixin.py:188} INFO - [2025-04-01T09:27:31.667+0000] {dag.py:3036} INFO - Sync 1 DAGs
[2025-04-01T09:27:31.718+0000] {logging_mixin.py:188} INFO - [2025-04-01T09:27:31.718+0000] {dag.py:3823} INFO - Setting next_dagrun for dag_python_operator to 2025-03-30 21:30:00+00:00, run_after=2025-03-31 21:30:00+00:00
[2025-04-01T09:27:31.773+0000] {processor.py:183} INFO - Processing /opt/airflow/dags/dag_python_operator.py took 0.241 seconds
[2025-04-01T09:28:02.179+0000] {processor.py:161} INFO - Started process (PID=293) to work on /opt/airflow/dags/dag_python_operator.py
[2025-04-01T09:28:02.181+0000] {processor.py:830} INFO - Processing file /opt/airflow/dags/dag_python_operator.py for tasks to queue
[2025-04-01T09:28:02.184+0000] {logging_mixin.py:188} INFO - [2025-04-01T09:28:02.184+0000] {dagbag.py:538} INFO - Filling up the DagBag from /opt/airflow/dags/dag_python_operator.py
[2025-04-01T09:28:02.211+0000] {processor.py:840} INFO - DAG(s) 'dag_python_operator' retrieved from /opt/airflow/dags/dag_python_operator.py
[2025-04-01T09:28:02.241+0000] {logging_mixin.py:188} INFO - [2025-04-01T09:28:02.240+0000] {dag.py:3036} INFO - Sync 1 DAGs
[2025-04-01T09:28:02.268+0000] {logging_mixin.py:188} INFO - [2025-04-01T09:28:02.267+0000] {dag.py:3823} INFO - Setting next_dagrun for dag_python_operator to 2025-03-30 21:30:00+00:00, run_after=2025-03-31 21:30:00+00:00
[2025-04-01T09:28:02.291+0000] {processor.py:183} INFO - Processing /opt/airflow/dags/dag_python_operator.py took 0.117 seconds
[2025-04-01T09:28:32.777+0000] {processor.py:161} INFO - Started process (PID=361) to work on /opt/airflow/dags/dag_python_operator.py
[2025-04-01T09:28:32.778+0000] {processor.py:830} INFO - Processing file /opt/airflow/dags/dag_python_operator.py for tasks to queue
[2025-04-01T09:28:32.780+0000] {logging_mixin.py:188} INFO - [2025-04-01T09:28:32.780+0000] {dagbag.py:538} INFO - Filling up the DagBag from /opt/airflow/dags/dag_python_operator.py
[2025-04-01T09:28:32.797+0000] {processor.py:840} INFO - DAG(s) 'dag_python_operator' retrieved from /opt/airflow/dags/dag_python_operator.py
[2025-04-01T09:28:32.814+0000] {logging_mixin.py:188} INFO - [2025-04-01T09:28:32.813+0000] {dag.py:3036} INFO - Sync 1 DAGs
[2025-04-01T09:28:32.829+0000] {logging_mixin.py:188} INFO - [2025-04-01T09:28:32.829+0000] {dag.py:3823} INFO - Setting next_dagrun for dag_python_operator to 2025-03-30 21:30:00+00:00, run_after=2025-03-31 21:30:00+00:00
[2025-04-01T09:28:32.844+0000] {processor.py:183} INFO - Processing /opt/airflow/dags/dag_python_operator.py took 0.069 seconds
[2025-04-01T09:29:05.261+0000] {processor.py:161} INFO - Started process (PID=429) to work on /opt/airflow/dags/dag_python_operator.py
[2025-04-01T09:29:05.264+0000] {processor.py:830} INFO - Processing file /opt/airflow/dags/dag_python_operator.py for tasks to queue
[2025-04-01T09:29:05.270+0000] {logging_mixin.py:188} INFO - [2025-04-01T09:29:05.269+0000] {dagbag.py:538} INFO - Filling up the DagBag from /opt/airflow/dags/dag_python_operator.py
[2025-04-01T09:29:05.303+0000] {processor.py:840} INFO - DAG(s) 'dag_python_operator' retrieved from /opt/airflow/dags/dag_python_operator.py
[2025-04-01T09:29:05.334+0000] {logging_mixin.py:188} INFO - [2025-04-01T09:29:05.334+0000] {dag.py:3036} INFO - Sync 1 DAGs
[2025-04-01T09:29:05.368+0000] {logging_mixin.py:188} INFO - [2025-04-01T09:29:05.368+0000] {dag.py:3823} INFO - Setting next_dagrun for dag_python_operator to 2025-03-30 21:30:00+00:00, run_after=2025-03-31 21:30:00+00:00
[2025-04-01T09:29:05.402+0000] {processor.py:183} INFO - Processing /opt/airflow/dags/dag_python_operator.py took 0.149 seconds
[2025-04-01T09:29:34.039+0000] {processor.py:161} INFO - Started process (PID=510) to work on /opt/airflow/dags/dag_python_operator.py
[2025-04-01T09:29:34.041+0000] {processor.py:830} INFO - Processing file /opt/airflow/dags/dag_python_operator.py for tasks to queue
[2025-04-01T09:29:34.044+0000] {logging_mixin.py:188} INFO - [2025-04-01T09:29:34.044+0000] {dagbag.py:538} INFO - Filling up the DagBag from /opt/airflow/dags/dag_python_operator.py
[2025-04-01T09:29:34.076+0000] {processor.py:840} INFO - DAG(s) 'dag_python_operator' retrieved from /opt/airflow/dags/dag_python_operator.py
[2025-04-01T09:29:34.110+0000] {logging_mixin.py:188} INFO - [2025-04-01T09:29:34.110+0000] {dag.py:3036} INFO - Sync 1 DAGs
[2025-04-01T09:29:34.149+0000] {logging_mixin.py:188} INFO - [2025-04-01T09:29:34.149+0000] {dag.py:3823} INFO - Setting next_dagrun for dag_python_operator to 2025-03-30 21:30:00+00:00, run_after=2025-03-31 21:30:00+00:00
[2025-04-01T09:29:34.183+0000] {processor.py:183} INFO - Processing /opt/airflow/dags/dag_python_operator.py took 0.150 seconds
[2025-04-01T09:30:04.978+0000] {processor.py:161} INFO - Started process (PID=566) to work on /opt/airflow/dags/dag_python_operator.py
[2025-04-01T09:30:04.979+0000] {processor.py:830} INFO - Processing file /opt/airflow/dags/dag_python_operator.py for tasks to queue
[2025-04-01T09:30:04.981+0000] {logging_mixin.py:188} INFO - [2025-04-01T09:30:04.981+0000] {dagbag.py:538} INFO - Filling up the DagBag from /opt/airflow/dags/dag_python_operator.py
[2025-04-01T09:30:05.000+0000] {processor.py:840} INFO - DAG(s) 'dag_python_operator' retrieved from /opt/airflow/dags/dag_python_operator.py
[2025-04-01T09:30:05.015+0000] {logging_mixin.py:188} INFO - [2025-04-01T09:30:05.014+0000] {dag.py:3036} INFO - Sync 1 DAGs
[2025-04-01T09:30:05.031+0000] {logging_mixin.py:188} INFO - [2025-04-01T09:30:05.031+0000] {dag.py:3823} INFO - Setting next_dagrun for dag_python_operator to 2025-03-30 21:30:00+00:00, run_after=2025-03-31 21:30:00+00:00
[2025-04-01T09:30:05.047+0000] {processor.py:183} INFO - Processing /opt/airflow/dags/dag_python_operator.py took 0.072 seconds
[2025-04-01T09:30:39.193+0000] {processor.py:161} INFO - Started process (PID=641) to work on /opt/airflow/dags/dag_python_operator.py
[2025-04-01T09:30:39.196+0000] {processor.py:830} INFO - Processing file /opt/airflow/dags/dag_python_operator.py for tasks to queue
[2025-04-01T09:30:39.201+0000] {logging_mixin.py:188} INFO - [2025-04-01T09:30:39.200+0000] {dagbag.py:538} INFO - Filling up the DagBag from /opt/airflow/dags/dag_python_operator.py
[2025-04-01T09:30:39.277+0000] {processor.py:840} INFO - DAG(s) 'dag_python_operator' retrieved from /opt/airflow/dags/dag_python_operator.py
[2025-04-01T09:30:39.332+0000] {logging_mixin.py:188} INFO - [2025-04-01T09:30:39.331+0000] {dag.py:3036} INFO - Sync 1 DAGs
[2025-04-01T09:30:34.094+0000] {logging_mixin.py:188} INFO - [2025-04-01T09:30:34.093+0000] {dag.py:3823} INFO - Setting next_dagrun for dag_python_operator to 2025-03-30 21:30:00+00:00, run_after=2025-03-31 21:30:00+00:00
[2025-04-01T09:30:34.163+0000] {processor.py:183} INFO - Processing /opt/airflow/dags/dag_python_operator.py took 0.280 seconds
[2025-04-01T09:31:04.968+0000] {processor.py:161} INFO - Started process (PID=699) to work on /opt/airflow/dags/dag_python_operator.py
[2025-04-01T09:31:04.971+0000] {processor.py:830} INFO - Processing file /opt/airflow/dags/dag_python_operator.py for tasks to queue
[2025-04-01T09:31:04.974+0000] {logging_mixin.py:188} INFO - [2025-04-01T09:31:04.974+0000] {dagbag.py:538} INFO - Filling up the DagBag from /opt/airflow/dags/dag_python_operator.py
[2025-04-01T09:31:05.013+0000] {processor.py:840} INFO - DAG(s) 'dag_python_operator' retrieved from /opt/airflow/dags/dag_python_operator.py
[2025-04-01T09:31:05.051+0000] {logging_mixin.py:188} INFO - [2025-04-01T09:31:05.050+0000] {dag.py:3036} INFO - Sync 1 DAGs
[2025-04-01T09:31:05.096+0000] {logging_mixin.py:188} INFO - [2025-04-01T09:31:05.096+0000] {dag.py:3823} INFO - Setting next_dagrun for dag_python_operator to 2025-03-30 21:30:00+00:00, run_after=2025-03-31 21:30:00+00:00
[2025-04-01T09:31:05.133+0000] {processor.py:183} INFO - Processing /opt/airflow/dags/dag_python_operator.py took 0.174 seconds
[2025-04-01T09:31:34.082+0000] {processor.py:161} INFO - Started process (PID=773) to work on /opt/airflow/dags/dag_python_operator.py
[2025-04-01T09:31:34.085+0000] {processor.py:830} INFO - Processing file /opt/airflow/dags/dag_python_operator.py for tasks to queue
[2025-04-01T09:31:34.090+0000] {logging_mixin.py:188} INFO - [2025-04-01T09:31:34.089+0000] {dagbag.py:538} INFO - Filling up the DagBag from /opt/airflow/dags/dag_python_operator.py
[2025-04-01T09:31:34.141+0000] {processor.py:840} INFO - DAG(s) 'dag_python_operator' retrieved from /opt/airflow/dags/dag_python_operator.py
[2025-04-01T09:31:34.210+0000] {logging_mixin.py:188} INFO - [2025-04-01T09:31:34.209+0000] {dag.py:3036} INFO - Sync 1 DAGs
[2025-04-01T09:31:34.269+0000] {logging_mixin.py:188} INFO - [2025-04-01T09:31:34.268+0000] {dag.py:3823} INFO - Setting next_dagrun for dag_python_operator to 2025-03-30 21:30:00+00:00, run_after=2025-03-31 21:30:00+00:00
[2025-04-01T09:31:34.329+0000] {processor.py:183} INFO - Processing /opt/airflow/dags/dag_python_operator.py took 0.256 seconds
[2025-04-01T09:32:04.438+0000] {processor.py:161} INFO - Started process (PID=835) to work on /opt/airflow/dags/dag_python_operator.py
[2025-04-01T09:32:04.440+0000] {processor.py:830} INFO - Processing file /opt/airflow/dags/dag_python_operator.py for tasks to queue
[2025-04-01T09:32:04.445+0000] {logging_mixin.py:188} INFO - [2025-04-01T09:32:04.444+0000] {dagbag.py:538} INFO - Filling up the DagBag from /opt/airflow/dags/dag_python_operator.py
[2025-04-01T09:32:04.476+0000] {processor.py:840} INFO - DAG(s) 'dag_python_operator' retrieved from /opt/airflow/dags/dag_python_operator.py
[2025-04-01T09:32:04.516+0000] {logging_mixin.py:188} INFO - [2025-04-01T09:32:04.516+0000] {dag.py:3036} INFO - Sync 1 DAGs
[2025-04-01T09:32:04.556+0000] {logging_mixin.py:188} INFO - [2025-04-01T09:32:04.556+0000] {dag.py:3823} INFO - Setting next_dagrun for dag_python_operator to 2025-03-30 21:30:00+00:00, run_after=2025-03-31 21:30:00+00:00
[2025-04-01T09:32:04.590+0000] {processor.py:183} INFO - Processing /opt/airflow/dags/dag_python_operator.py took 0.158 seconds
[2025-04-01T09:32:34.830+0000] {processor.py:161} INFO - Started process (PID=906) to work on /opt/airflow/dags/dag_python_operator.py
[2025-04-01T09:32:34.831+0000] {processor.py:830} INFO - Processing file /opt/airflow/dags/dag_python_operator.py for tasks to queue
[2025-04-01T09:32:34.834+0000] {logging_mixin.py:188} INFO - [2025-04-01T09:32:34.834+0000] {dagbag.py:538} INFO - Filling up the DagBag from /opt/airflow/dags/dag_python_operator.py
[2025-04-01T09:32:34.863+0000] {processor.py:840} INFO - DAG(s) 'dag_python_operator' retrieved from /opt/airflow/dags/dag_python_operator.py
[2025-04-01T09:32:34.888+0000] {logging_mixin.py:188} INFO - [2025-04-01T09:32:34.888+0000] {dag.py:3036} INFO - Sync 1 DAGs
[2025-04-01T09:32:34.919+0000] {logging_mixin.py:188} INFO - [2025-04-01T09:32:34.919+0000] {dag.py:3823} INFO - Setting next_dagrun for dag_python_operator to 2025-03-30 21:30:00+00:00, run_after=2025-03-31 21:30:00+00:00
[2025-04-01T09:32:34.946+0000] {processor.py:183} INFO - Processing /opt/airflow/dags/dag_python_operator.py took 0.121 seconds
[2025-04-01T09:33:05.043+0000] {processor.py:161} INFO - Started process (PID=974) to work on /opt/airflow/dags/dag_python_operator.py
[2025-04-01T09:33:05.044+0000] {processor.py:830} INFO - Processing file /opt/airflow/dags/dag_python_operator.py for tasks to queue
[2025-04-01T09:33:05.047+0000] {logging_mixin.py:188} INFO - [2025-04-01T09:33:05.046+0000] {dagbag.py:538} INFO - Filling up the DagBag from /opt/airflow/dags/dag_python_operator.py
[2025-04-01T09:33:05.072+0000] {processor.py:840} INFO - DAG(s) 'dag_python_operator' retrieved from /opt/airflow/dags/dag_python_operator.py
[2025-04-01T09:33:05.097+0000] {logging_mixin.py:188} INFO - [2025-04-01T09:33:05.096+0000] {dag.py:3036} INFO - Sync 1 DAGs
[2025-04-01T09:33:05.124+0000] {logging_mixin.py:188} INFO - [2025-04-01T09:33:05.124+0000] {dag.py:3823} INFO - Setting next_dagrun for dag_python_operator to 2025-03-30 21:30:00+00:00, run_after=2025-03-31 21:30:00+00:00
[2025-04-01T09:33:05.146+0000] {processor.py:183} INFO - Processing /opt/airflow/dags/dag_python_operator.py took 0.109 seconds
[2025-04-01T09:33:35.879+0000] {processor.py:161} INFO - Started process (PID=1042) to work on /opt/airflow/dags/dag_python_operator.py
[2025-04-01T09:33:35.880+0000] {processor.py:830} INFO - Processing file /opt/airflow/dags/dag_python_operator.py for tasks to queue
[2025-04-01T09:33:35.882+0000] {logging_mixin.py:188} INFO - [2025-04-01T09:33:35.882+0000] {dagbag.py:538} INFO - Filling up the DagBag from /opt/airflow/dags/dag_python_operator.py
[2025-04-01T09:33:35.903+0000] {processor.py:840} INFO - DAG(s) 'dag_python_operator' retrieved from /opt/airflow/dags/dag_python_operator.py
[2025-04-01T09:33:35.921+0000] {logging_mixin.py:188} INFO - [2025-04-01T09:33:35.921+0000] {dag.py:3036} INFO - Sync 1 DAGs
[2025-04-01T09:33:35.941+0000] {logging_mixin.py:188} INFO - [2025-04-01T09:33:35.941+0000] {dag.py:3823} INFO - Setting next_dagrun for dag_python_operator to 2025-03-30 21:30:00+00:00, run_after=2025-03-31 21:30:00+00:00
[2025-04-01T09:33:35.958+0000] {processor.py:183} INFO - Processing /opt/airflow/dags/dag_python_operator.py took 0.083 seconds
