[2025-04-01T09:19:49.226+0000] {processor.py:161} INFO - Started process (PID=99) to work on /opt/airflow/dags/dag_bash_operator.py
[2025-04-01T09:19:49.228+0000] {processor.py:830} INFO - Processing file /opt/airflow/dags/dag_bash_operator.py for tasks to queue
[2025-04-01T09:19:49.234+0000] {logging_mixin.py:188} INFO - [2025-04-01T09:19:49.233+0000] {dagbag.py:538} INFO - Filling up the DagBag from /opt/airflow/dags/dag_bash_operator.py
[2025-04-01T09:19:49.297+0000] {processor.py:840} INFO - DAG(s) 'dags_bash_operator' retrieved from /opt/airflow/dags/dag_bash_operator.py
[2025-04-01T09:19:49.515+0000] {logging_mixin.py:188} INFO - [2025-04-01T09:19:49.515+0000] {override.py:1769} INFO - Created Permission View: can read on DAG:dags_bash_operator
[2025-04-01T09:19:49.534+0000] {logging_mixin.py:188} INFO - [2025-04-01T09:19:49.533+0000] {override.py:1769} INFO - Created Permission View: can edit on DAG:dags_bash_operator
[2025-04-01T09:19:49.548+0000] {logging_mixin.py:188} INFO - [2025-04-01T09:19:49.548+0000] {override.py:1769} INFO - Created Permission View: can delete on DAG:dags_bash_operator
[2025-04-01T09:19:49.550+0000] {logging_mixin.py:188} INFO - [2025-04-01T09:19:49.549+0000] {dag.py:3036} INFO - Sync 1 DAGs
[2025-04-01T09:19:49.567+0000] {logging_mixin.py:188} INFO - [2025-04-01T09:19:49.567+0000] {dag.py:3058} INFO - Creating ORM DAG for dags_bash_operator
[2025-04-01T09:19:49.586+0000] {logging_mixin.py:188} INFO - [2025-04-01T09:19:49.585+0000] {dag.py:3823} INFO - Setting next_dagrun for dags_bash_operator to 2025-03-30 15:00:00+00:00, run_after=2025-03-31 15:00:00+00:00
[2025-04-01T09:19:49.615+0000] {processor.py:183} INFO - Processing /opt/airflow/dags/dag_bash_operator.py took 0.395 seconds
[2025-04-01T09:20:17.749+0000] {processor.py:161} INFO - Started process (PID=177) to work on /opt/airflow/dags/dag_bash_operator.py
[2025-04-01T09:20:17.751+0000] {processor.py:830} INFO - Processing file /opt/airflow/dags/dag_bash_operator.py for tasks to queue
[2025-04-01T09:20:17.755+0000] {logging_mixin.py:188} INFO - [2025-04-01T09:20:17.754+0000] {dagbag.py:538} INFO - Filling up the DagBag from /opt/airflow/dags/dag_bash_operator.py
[2025-04-01T09:20:17.789+0000] {processor.py:840} INFO - DAG(s) 'dags_bash_operator' retrieved from /opt/airflow/dags/dag_bash_operator.py
[2025-04-01T09:20:17.815+0000] {logging_mixin.py:188} INFO - [2025-04-01T09:20:17.814+0000] {dag.py:3036} INFO - Sync 1 DAGs
[2025-04-01T09:20:17.862+0000] {logging_mixin.py:188} INFO - [2025-04-01T09:20:17.861+0000] {dag.py:3823} INFO - Setting next_dagrun for dags_bash_operator to 2025-03-30 15:00:00+00:00, run_after=2025-03-31 15:00:00+00:00
[2025-04-01T09:20:17.892+0000] {processor.py:183} INFO - Processing /opt/airflow/dags/dag_bash_operator.py took 0.149 seconds
[2025-04-01T09:20:48.124+0000] {processor.py:161} INFO - Started process (PID=226) to work on /opt/airflow/dags/dag_bash_operator.py
[2025-04-01T09:20:48.127+0000] {processor.py:830} INFO - Processing file /opt/airflow/dags/dag_bash_operator.py for tasks to queue
[2025-04-01T09:20:48.132+0000] {logging_mixin.py:188} INFO - [2025-04-01T09:20:48.131+0000] {dagbag.py:538} INFO - Filling up the DagBag from /opt/airflow/dags/dag_bash_operator.py
[2025-04-01T09:20:48.173+0000] {processor.py:840} INFO - DAG(s) 'dags_bash_operator' retrieved from /opt/airflow/dags/dag_bash_operator.py
[2025-04-01T09:20:48.211+0000] {logging_mixin.py:188} INFO - [2025-04-01T09:20:48.210+0000] {dag.py:3036} INFO - Sync 1 DAGs
[2025-04-01T09:20:48.248+0000] {logging_mixin.py:188} INFO - [2025-04-01T09:20:48.247+0000] {dag.py:3823} INFO - Setting next_dagrun for dags_bash_operator to 2025-03-30 15:00:00+00:00, run_after=2025-03-31 15:00:00+00:00
[2025-04-01T09:20:48.284+0000] {processor.py:183} INFO - Processing /opt/airflow/dags/dag_bash_operator.py took 0.166 seconds
[2025-04-01T09:21:20.047+0000] {processor.py:161} INFO - Started process (PID=301) to work on /opt/airflow/dags/dag_bash_operator.py
[2025-04-01T09:21:20.048+0000] {processor.py:830} INFO - Processing file /opt/airflow/dags/dag_bash_operator.py for tasks to queue
[2025-04-01T09:21:20.050+0000] {logging_mixin.py:188} INFO - [2025-04-01T09:21:20.050+0000] {dagbag.py:538} INFO - Filling up the DagBag from /opt/airflow/dags/dag_bash_operator.py
[2025-04-01T09:21:20.074+0000] {processor.py:840} INFO - DAG(s) 'dags_bash_operator' retrieved from /opt/airflow/dags/dag_bash_operator.py
[2025-04-01T09:21:20.095+0000] {logging_mixin.py:188} INFO - [2025-04-01T09:21:20.095+0000] {dag.py:3036} INFO - Sync 1 DAGs
[2025-04-01T09:21:20.118+0000] {logging_mixin.py:188} INFO - [2025-04-01T09:21:20.118+0000] {dag.py:3823} INFO - Setting next_dagrun for dags_bash_operator to 2025-03-30 15:00:00+00:00, run_after=2025-03-31 15:00:00+00:00
[2025-04-01T09:21:20.141+0000] {processor.py:183} INFO - Processing /opt/airflow/dags/dag_bash_operator.py took 0.098 seconds
[2025-04-01T09:21:51.045+0000] {processor.py:161} INFO - Started process (PID=372) to work on /opt/airflow/dags/dag_bash_operator.py
[2025-04-01T09:21:51.046+0000] {processor.py:830} INFO - Processing file /opt/airflow/dags/dag_bash_operator.py for tasks to queue
[2025-04-01T09:21:51.049+0000] {logging_mixin.py:188} INFO - [2025-04-01T09:21:51.048+0000] {dagbag.py:538} INFO - Filling up the DagBag from /opt/airflow/dags/dag_bash_operator.py
[2025-04-01T09:21:51.077+0000] {processor.py:840} INFO - DAG(s) 'dags_bash_operator' retrieved from /opt/airflow/dags/dag_bash_operator.py
[2025-04-01T09:21:51.100+0000] {logging_mixin.py:188} INFO - [2025-04-01T09:21:51.099+0000] {dag.py:3036} INFO - Sync 1 DAGs
[2025-04-01T09:21:51.127+0000] {logging_mixin.py:188} INFO - [2025-04-01T09:21:51.127+0000] {dag.py:3823} INFO - Setting next_dagrun for dags_bash_operator to 2025-03-30 15:00:00+00:00, run_after=2025-03-31 15:00:00+00:00
[2025-04-01T09:21:51.153+0000] {processor.py:183} INFO - Processing /opt/airflow/dags/dag_bash_operator.py took 0.113 seconds
[2025-04-01T09:22:23.774+0000] {processor.py:161} INFO - Started process (PID=440) to work on /opt/airflow/dags/dag_bash_operator.py
[2025-04-01T09:22:23.777+0000] {processor.py:830} INFO - Processing file /opt/airflow/dags/dag_bash_operator.py for tasks to queue
[2025-04-01T09:22:23.781+0000] {logging_mixin.py:188} INFO - [2025-04-01T09:22:23.780+0000] {dagbag.py:538} INFO - Filling up the DagBag from /opt/airflow/dags/dag_bash_operator.py
[2025-04-01T09:22:23.839+0000] {processor.py:840} INFO - DAG(s) 'dags_bash_operator' retrieved from /opt/airflow/dags/dag_bash_operator.py
[2025-04-01T09:22:23.911+0000] {logging_mixin.py:188} INFO - [2025-04-01T09:22:23.910+0000] {dag.py:3036} INFO - Sync 1 DAGs
[2025-04-01T09:22:23.973+0000] {logging_mixin.py:188} INFO - [2025-04-01T09:22:23.973+0000] {dag.py:3823} INFO - Setting next_dagrun for dags_bash_operator to 2025-03-30 15:00:00+00:00, run_after=2025-03-31 15:00:00+00:00
[2025-04-01T09:22:24.051+0000] {processor.py:183} INFO - Processing /opt/airflow/dags/dag_bash_operator.py took 0.289 seconds
[2025-04-01T09:22:55.031+0000] {processor.py:161} INFO - Started process (PID=509) to work on /opt/airflow/dags/dag_bash_operator.py
[2025-04-01T09:22:55.032+0000] {processor.py:830} INFO - Processing file /opt/airflow/dags/dag_bash_operator.py for tasks to queue
[2025-04-01T09:22:55.034+0000] {logging_mixin.py:188} INFO - [2025-04-01T09:22:55.034+0000] {dagbag.py:538} INFO - Filling up the DagBag from /opt/airflow/dags/dag_bash_operator.py
[2025-04-01T09:22:55.052+0000] {processor.py:840} INFO - DAG(s) 'dags_bash_operator' retrieved from /opt/airflow/dags/dag_bash_operator.py
[2025-04-01T09:22:55.067+0000] {logging_mixin.py:188} INFO - [2025-04-01T09:22:55.066+0000] {dag.py:3036} INFO - Sync 1 DAGs
[2025-04-01T09:22:55.086+0000] {logging_mixin.py:188} INFO - [2025-04-01T09:22:55.085+0000] {dag.py:3823} INFO - Setting next_dagrun for dags_bash_operator to 2025-03-30 15:00:00+00:00, run_after=2025-03-31 15:00:00+00:00
[2025-04-01T09:22:55.108+0000] {processor.py:183} INFO - Processing /opt/airflow/dags/dag_bash_operator.py took 0.079 seconds
[2025-04-01T09:23:26.037+0000] {processor.py:161} INFO - Started process (PID=577) to work on /opt/airflow/dags/dag_bash_operator.py
[2025-04-01T09:23:26.038+0000] {processor.py:830} INFO - Processing file /opt/airflow/dags/dag_bash_operator.py for tasks to queue
[2025-04-01T09:23:26.041+0000] {logging_mixin.py:188} INFO - [2025-04-01T09:23:26.041+0000] {dagbag.py:538} INFO - Filling up the DagBag from /opt/airflow/dags/dag_bash_operator.py
[2025-04-01T09:23:26.062+0000] {processor.py:840} INFO - DAG(s) 'dags_bash_operator' retrieved from /opt/airflow/dags/dag_bash_operator.py
[2025-04-01T09:23:26.078+0000] {logging_mixin.py:188} INFO - [2025-04-01T09:23:26.078+0000] {dag.py:3036} INFO - Sync 1 DAGs
[2025-04-01T09:23:26.098+0000] {logging_mixin.py:188} INFO - [2025-04-01T09:23:26.098+0000] {dag.py:3823} INFO - Setting next_dagrun for dags_bash_operator to 2025-03-30 15:00:00+00:00, run_after=2025-03-31 15:00:00+00:00
[2025-04-01T09:23:26.128+0000] {processor.py:183} INFO - Processing /opt/airflow/dags/dag_bash_operator.py took 0.093 seconds
[2025-04-01T09:23:57.014+0000] {processor.py:161} INFO - Started process (PID=651) to work on /opt/airflow/dags/dag_bash_operator.py
[2025-04-01T09:23:57.016+0000] {processor.py:830} INFO - Processing file /opt/airflow/dags/dag_bash_operator.py for tasks to queue
[2025-04-01T09:23:57.020+0000] {logging_mixin.py:188} INFO - [2025-04-01T09:23:57.019+0000] {dagbag.py:538} INFO - Filling up the DagBag from /opt/airflow/dags/dag_bash_operator.py
[2025-04-01T09:23:57.057+0000] {processor.py:840} INFO - DAG(s) 'dags_bash_operator' retrieved from /opt/airflow/dags/dag_bash_operator.py
[2025-04-01T09:23:57.091+0000] {logging_mixin.py:188} INFO - [2025-04-01T09:23:57.090+0000] {dag.py:3036} INFO - Sync 1 DAGs
[2025-04-01T09:23:57.137+0000] {logging_mixin.py:188} INFO - [2025-04-01T09:23:57.137+0000] {dag.py:3823} INFO - Setting next_dagrun for dags_bash_operator to 2025-03-30 15:00:00+00:00, run_after=2025-03-31 15:00:00+00:00
[2025-04-01T09:23:57.178+0000] {processor.py:183} INFO - Processing /opt/airflow/dags/dag_bash_operator.py took 0.174 seconds
[2025-04-01T09:24:27.581+0000] {processor.py:161} INFO - Started process (PID=719) to work on /opt/airflow/dags/dag_bash_operator.py
[2025-04-01T09:24:27.582+0000] {processor.py:830} INFO - Processing file /opt/airflow/dags/dag_bash_operator.py for tasks to queue
[2025-04-01T09:24:27.588+0000] {logging_mixin.py:188} INFO - [2025-04-01T09:24:27.588+0000] {dagbag.py:538} INFO - Filling up the DagBag from /opt/airflow/dags/dag_bash_operator.py
[2025-04-01T09:24:27.609+0000] {processor.py:840} INFO - DAG(s) 'dags_bash_operator' retrieved from /opt/airflow/dags/dag_bash_operator.py
[2025-04-01T09:24:27.628+0000] {logging_mixin.py:188} INFO - [2025-04-01T09:24:27.628+0000] {dag.py:3036} INFO - Sync 1 DAGs
[2025-04-01T09:24:27.647+0000] {logging_mixin.py:188} INFO - [2025-04-01T09:24:27.646+0000] {dag.py:3823} INFO - Setting next_dagrun for dags_bash_operator to 2025-03-30 15:00:00+00:00, run_after=2025-03-31 15:00:00+00:00
[2025-04-01T09:24:27.666+0000] {processor.py:183} INFO - Processing /opt/airflow/dags/dag_bash_operator.py took 0.088 seconds
[2025-04-01T09:24:57.978+0000] {processor.py:161} INFO - Started process (PID=787) to work on /opt/airflow/dags/dag_bash_operator.py
[2025-04-01T09:24:57.980+0000] {processor.py:830} INFO - Processing file /opt/airflow/dags/dag_bash_operator.py for tasks to queue
[2025-04-01T09:24:57.983+0000] {logging_mixin.py:188} INFO - [2025-04-01T09:24:57.982+0000] {dagbag.py:538} INFO - Filling up the DagBag from /opt/airflow/dags/dag_bash_operator.py
[2025-04-01T09:24:58.011+0000] {processor.py:840} INFO - DAG(s) 'dags_bash_operator' retrieved from /opt/airflow/dags/dag_bash_operator.py
[2025-04-01T09:24:58.040+0000] {logging_mixin.py:188} INFO - [2025-04-01T09:24:58.040+0000] {dag.py:3036} INFO - Sync 1 DAGs
[2025-04-01T09:24:58.075+0000] {logging_mixin.py:188} INFO - [2025-04-01T09:24:58.075+0000] {dag.py:3823} INFO - Setting next_dagrun for dags_bash_operator to 2025-03-30 15:00:00+00:00, run_after=2025-03-31 15:00:00+00:00
[2025-04-01T09:24:58.113+0000] {processor.py:183} INFO - Processing /opt/airflow/dags/dag_bash_operator.py took 0.140 seconds
[2025-04-01T09:26:29.130+0000] {processor.py:161} INFO - Started process (PID=93) to work on /opt/airflow/dags/dag_bash_operator.py
[2025-04-01T09:26:29.133+0000] {processor.py:830} INFO - Processing file /opt/airflow/dags/dag_bash_operator.py for tasks to queue
[2025-04-01T09:26:29.138+0000] {logging_mixin.py:188} INFO - [2025-04-01T09:26:29.138+0000] {dagbag.py:538} INFO - Filling up the DagBag from /opt/airflow/dags/dag_bash_operator.py
[2025-04-01T09:26:29.199+0000] {processor.py:840} INFO - DAG(s) 'dags_bash_operator' retrieved from /opt/airflow/dags/dag_bash_operator.py
[2025-04-01T09:26:29.489+0000] {logging_mixin.py:188} INFO - [2025-04-01T09:26:29.487+0000] {override.py:1769} INFO - Created Permission View: can read on DAG:dags_bash_operator
[2025-04-01T09:26:29.517+0000] {logging_mixin.py:188} INFO - [2025-04-01T09:26:29.516+0000] {override.py:1769} INFO - Created Permission View: can delete on DAG:dags_bash_operator
[2025-04-01T09:26:29.534+0000] {logging_mixin.py:188} INFO - [2025-04-01T09:26:29.534+0000] {override.py:1769} INFO - Created Permission View: can edit on DAG:dags_bash_operator
[2025-04-01T09:26:29.536+0000] {logging_mixin.py:188} INFO - [2025-04-01T09:26:29.536+0000] {dag.py:3036} INFO - Sync 1 DAGs
[2025-04-01T09:26:29.554+0000] {logging_mixin.py:188} INFO - [2025-04-01T09:26:29.554+0000] {dag.py:3058} INFO - Creating ORM DAG for dags_bash_operator
[2025-04-01T09:26:29.577+0000] {logging_mixin.py:188} INFO - [2025-04-01T09:26:29.577+0000] {dag.py:3823} INFO - Setting next_dagrun for dags_bash_operator to 2025-03-30 15:00:00+00:00, run_after=2025-03-31 15:00:00+00:00
[2025-04-01T09:26:29.622+0000] {processor.py:183} INFO - Processing /opt/airflow/dags/dag_bash_operator.py took 0.497 seconds
[2025-04-01T09:27:00.341+0000] {processor.py:161} INFO - Started process (PID=161) to work on /opt/airflow/dags/dag_bash_operator.py
[2025-04-01T09:27:00.343+0000] {processor.py:830} INFO - Processing file /opt/airflow/dags/dag_bash_operator.py for tasks to queue
[2025-04-01T09:27:00.346+0000] {logging_mixin.py:188} INFO - [2025-04-01T09:27:00.346+0000] {dagbag.py:538} INFO - Filling up the DagBag from /opt/airflow/dags/dag_bash_operator.py
[2025-04-01T09:27:00.373+0000] {processor.py:840} INFO - DAG(s) 'dags_bash_operator' retrieved from /opt/airflow/dags/dag_bash_operator.py
[2025-04-01T09:27:00.398+0000] {logging_mixin.py:188} INFO - [2025-04-01T09:27:00.398+0000] {dag.py:3036} INFO - Sync 1 DAGs
[2025-04-01T09:27:00.426+0000] {logging_mixin.py:188} INFO - [2025-04-01T09:27:00.425+0000] {dag.py:3823} INFO - Setting next_dagrun for dags_bash_operator to 2025-03-30 15:00:00+00:00, run_after=2025-03-31 15:00:00+00:00
[2025-04-01T09:27:00.454+0000] {processor.py:183} INFO - Processing /opt/airflow/dags/dag_bash_operator.py took 0.116 seconds
[2025-04-01T09:27:32.591+0000] {processor.py:161} INFO - Started process (PID=229) to work on /opt/airflow/dags/dag_bash_operator.py
[2025-04-01T09:27:32.594+0000] {processor.py:830} INFO - Processing file /opt/airflow/dags/dag_bash_operator.py for tasks to queue
[2025-04-01T09:27:32.599+0000] {logging_mixin.py:188} INFO - [2025-04-01T09:27:32.598+0000] {dagbag.py:538} INFO - Filling up the DagBag from /opt/airflow/dags/dag_bash_operator.py
[2025-04-01T09:27:32.659+0000] {processor.py:840} INFO - DAG(s) 'dags_bash_operator' retrieved from /opt/airflow/dags/dag_bash_operator.py
[2025-04-01T09:27:32.708+0000] {logging_mixin.py:188} INFO - [2025-04-01T09:27:32.707+0000] {dag.py:3036} INFO - Sync 1 DAGs
[2025-04-01T09:27:32.753+0000] {logging_mixin.py:188} INFO - [2025-04-01T09:27:32.753+0000] {dag.py:3823} INFO - Setting next_dagrun for dags_bash_operator to 2025-03-30 15:00:00+00:00, run_after=2025-03-31 15:00:00+00:00
[2025-04-01T09:27:32.797+0000] {processor.py:183} INFO - Processing /opt/airflow/dags/dag_bash_operator.py took 0.211 seconds
[2025-04-01T09:28:03.530+0000] {processor.py:161} INFO - Started process (PID=297) to work on /opt/airflow/dags/dag_bash_operator.py
[2025-04-01T09:28:03.532+0000] {processor.py:830} INFO - Processing file /opt/airflow/dags/dag_bash_operator.py for tasks to queue
[2025-04-01T09:28:03.535+0000] {logging_mixin.py:188} INFO - [2025-04-01T09:28:03.534+0000] {dagbag.py:538} INFO - Filling up the DagBag from /opt/airflow/dags/dag_bash_operator.py
[2025-04-01T09:28:03.562+0000] {processor.py:840} INFO - DAG(s) 'dags_bash_operator' retrieved from /opt/airflow/dags/dag_bash_operator.py
[2025-04-01T09:28:03.591+0000] {logging_mixin.py:188} INFO - [2025-04-01T09:28:03.590+0000] {dag.py:3036} INFO - Sync 1 DAGs
[2025-04-01T09:28:03.629+0000] {logging_mixin.py:188} INFO - [2025-04-01T09:28:03.628+0000] {dag.py:3823} INFO - Setting next_dagrun for dags_bash_operator to 2025-03-30 15:00:00+00:00, run_after=2025-03-31 15:00:00+00:00
[2025-04-01T09:28:03.661+0000] {processor.py:183} INFO - Processing /opt/airflow/dags/dag_bash_operator.py took 0.136 seconds
[2025-04-01T09:28:33.990+0000] {processor.py:161} INFO - Started process (PID=365) to work on /opt/airflow/dags/dag_bash_operator.py
[2025-04-01T09:28:33.991+0000] {processor.py:830} INFO - Processing file /opt/airflow/dags/dag_bash_operator.py for tasks to queue
[2025-04-01T09:28:33.993+0000] {logging_mixin.py:188} INFO - [2025-04-01T09:28:33.993+0000] {dagbag.py:538} INFO - Filling up the DagBag from /opt/airflow/dags/dag_bash_operator.py
[2025-04-01T09:28:34.012+0000] {processor.py:840} INFO - DAG(s) 'dags_bash_operator' retrieved from /opt/airflow/dags/dag_bash_operator.py
[2025-04-01T09:28:34.028+0000] {logging_mixin.py:188} INFO - [2025-04-01T09:28:34.028+0000] {dag.py:3036} INFO - Sync 1 DAGs
[2025-04-01T09:28:34.048+0000] {logging_mixin.py:188} INFO - [2025-04-01T09:28:34.048+0000] {dag.py:3823} INFO - Setting next_dagrun for dags_bash_operator to 2025-03-30 15:00:00+00:00, run_after=2025-03-31 15:00:00+00:00
[2025-04-01T09:28:34.066+0000] {processor.py:183} INFO - Processing /opt/airflow/dags/dag_bash_operator.py took 0.079 seconds
[2025-04-01T09:29:05.919+0000] {processor.py:161} INFO - Started process (PID=433) to work on /opt/airflow/dags/dag_bash_operator.py
[2025-04-01T09:29:05.922+0000] {processor.py:830} INFO - Processing file /opt/airflow/dags/dag_bash_operator.py for tasks to queue
[2025-04-01T09:29:05.926+0000] {logging_mixin.py:188} INFO - [2025-04-01T09:29:05.925+0000] {dagbag.py:538} INFO - Filling up the DagBag from /opt/airflow/dags/dag_bash_operator.py
[2025-04-01T09:29:05.968+0000] {processor.py:840} INFO - DAG(s) 'dags_bash_operator' retrieved from /opt/airflow/dags/dag_bash_operator.py
[2025-04-01T09:29:06.002+0000] {logging_mixin.py:188} INFO - [2025-04-01T09:29:06.002+0000] {dag.py:3036} INFO - Sync 1 DAGs
[2025-04-01T09:29:06.042+0000] {logging_mixin.py:188} INFO - [2025-04-01T09:29:06.042+0000] {dag.py:3823} INFO - Setting next_dagrun for dags_bash_operator to 2025-03-30 15:00:00+00:00, run_after=2025-03-31 15:00:00+00:00
[2025-04-01T09:29:03.594+0000] {processor.py:183} INFO - Processing /opt/airflow/dags/dag_bash_operator.py took 0.167 seconds
[2025-04-01T09:29:33.808+0000] {processor.py:161} INFO - Started process (PID=489) to work on /opt/airflow/dags/dag_bash_operator.py
[2025-04-01T09:29:33.810+0000] {processor.py:830} INFO - Processing file /opt/airflow/dags/dag_bash_operator.py for tasks to queue
[2025-04-01T09:29:33.813+0000] {logging_mixin.py:188} INFO - [2025-04-01T09:29:33.812+0000] {dagbag.py:538} INFO - Filling up the DagBag from /opt/airflow/dags/dag_bash_operator.py
[2025-04-01T09:29:33.846+0000] {processor.py:840} INFO - DAG(s) 'dags_bash_operator' retrieved from /opt/airflow/dags/dag_bash_operator.py
[2025-04-01T09:29:33.877+0000] {logging_mixin.py:188} INFO - [2025-04-01T09:29:33.877+0000] {dag.py:3036} INFO - Sync 1 DAGs
[2025-04-01T09:29:33.910+0000] {logging_mixin.py:188} INFO - [2025-04-01T09:29:33.910+0000] {dag.py:3823} INFO - Setting next_dagrun for dags_bash_operator to 2025-03-30 15:00:00+00:00, run_after=2025-03-31 15:00:00+00:00
[2025-04-01T09:29:33.938+0000] {processor.py:183} INFO - Processing /opt/airflow/dags/dag_bash_operator.py took 0.134 seconds
[2025-04-01T09:30:05.175+0000] {processor.py:161} INFO - Started process (PID=570) to work on /opt/airflow/dags/dag_bash_operator.py
[2025-04-01T09:30:05.176+0000] {processor.py:830} INFO - Processing file /opt/airflow/dags/dag_bash_operator.py for tasks to queue
[2025-04-01T09:30:05.178+0000] {logging_mixin.py:188} INFO - [2025-04-01T09:30:05.178+0000] {dagbag.py:538} INFO - Filling up the DagBag from /opt/airflow/dags/dag_bash_operator.py
[2025-04-01T09:30:05.195+0000] {processor.py:840} INFO - DAG(s) 'dags_bash_operator' retrieved from /opt/airflow/dags/dag_bash_operator.py
[2025-04-01T09:30:05.210+0000] {logging_mixin.py:188} INFO - [2025-04-01T09:30:05.210+0000] {dag.py:3036} INFO - Sync 1 DAGs
[2025-04-01T09:30:05.224+0000] {logging_mixin.py:188} INFO - [2025-04-01T09:30:05.224+0000] {dag.py:3823} INFO - Setting next_dagrun for dags_bash_operator to 2025-03-30 15:00:00+00:00, run_after=2025-03-31 15:00:00+00:00
[2025-04-01T09:30:05.239+0000] {processor.py:183} INFO - Processing /opt/airflow/dags/dag_bash_operator.py took 0.066 seconds
[2025-04-01T09:30:34.743+0000] {processor.py:161} INFO - Started process (PID=645) to work on /opt/airflow/dags/dag_bash_operator.py
[2025-04-01T09:30:34.747+0000] {processor.py:830} INFO - Processing file /opt/airflow/dags/dag_bash_operator.py for tasks to queue
[2025-04-01T09:30:34.757+0000] {logging_mixin.py:188} INFO - [2025-04-01T09:30:34.755+0000] {dagbag.py:538} INFO - Filling up the DagBag from /opt/airflow/dags/dag_bash_operator.py
[2025-04-01T09:30:34.859+0000] {processor.py:840} INFO - DAG(s) 'dags_bash_operator' retrieved from /opt/airflow/dags/dag_bash_operator.py
[2025-04-01T09:30:34.926+0000] {logging_mixin.py:188} INFO - [2025-04-01T09:30:34.925+0000] {dag.py:3036} INFO - Sync 1 DAGs
[2025-04-01T09:30:34.985+0000] {logging_mixin.py:188} INFO - [2025-04-01T09:30:34.985+0000] {dag.py:3823} INFO - Setting next_dagrun for dags_bash_operator to 2025-03-30 15:00:00+00:00, run_after=2025-03-31 15:00:00+00:00
[2025-04-01T09:30:35.039+0000] {processor.py:183} INFO - Processing /opt/airflow/dags/dag_bash_operator.py took 0.316 seconds
[2025-04-01T09:31:05.676+0000] {processor.py:161} INFO - Started process (PID=704) to work on /opt/airflow/dags/dag_bash_operator.py
[2025-04-01T09:31:05.678+0000] {processor.py:830} INFO - Processing file /opt/airflow/dags/dag_bash_operator.py for tasks to queue
[2025-04-01T09:31:05.685+0000] {logging_mixin.py:188} INFO - [2025-04-01T09:31:05.684+0000] {dagbag.py:538} INFO - Filling up the DagBag from /opt/airflow/dags/dag_bash_operator.py
[2025-04-01T09:31:05.721+0000] {processor.py:840} INFO - DAG(s) 'dags_bash_operator' retrieved from /opt/airflow/dags/dag_bash_operator.py
[2025-04-01T09:31:05.763+0000] {logging_mixin.py:188} INFO - [2025-04-01T09:31:05.763+0000] {dag.py:3036} INFO - Sync 1 DAGs
[2025-04-01T09:31:05.810+0000] {logging_mixin.py:188} INFO - [2025-04-01T09:31:05.809+0000] {dag.py:3823} INFO - Setting next_dagrun for dags_bash_operator to 2025-03-30 15:00:00+00:00, run_after=2025-03-31 15:00:00+00:00
[2025-04-01T09:31:05.847+0000] {processor.py:183} INFO - Processing /opt/airflow/dags/dag_bash_operator.py took 0.177 seconds
[2025-04-01T09:31:36.435+0000] {processor.py:161} INFO - Started process (PID=778) to work on /opt/airflow/dags/dag_bash_operator.py
[2025-04-01T09:31:36.437+0000] {processor.py:830} INFO - Processing file /opt/airflow/dags/dag_bash_operator.py for tasks to queue
[2025-04-01T09:31:36.441+0000] {logging_mixin.py:188} INFO - [2025-04-01T09:31:36.441+0000] {dagbag.py:538} INFO - Filling up the DagBag from /opt/airflow/dags/dag_bash_operator.py
[2025-04-01T09:31:36.523+0000] {processor.py:840} INFO - DAG(s) 'dags_bash_operator' retrieved from /opt/airflow/dags/dag_bash_operator.py
[2025-04-01T09:31:36.560+0000] {logging_mixin.py:188} INFO - [2025-04-01T09:31:36.559+0000] {dag.py:3036} INFO - Sync 1 DAGs
[2025-04-01T09:31:36.609+0000] {logging_mixin.py:188} INFO - [2025-04-01T09:31:36.608+0000] {dag.py:3823} INFO - Setting next_dagrun for dags_bash_operator to 2025-03-30 15:00:00+00:00, run_after=2025-03-31 15:00:00+00:00
[2025-04-01T09:31:36.655+0000] {processor.py:183} INFO - Processing /opt/airflow/dags/dag_bash_operator.py took 0.226 seconds
[2025-04-01T09:32:07.431+0000] {processor.py:161} INFO - Started process (PID=846) to work on /opt/airflow/dags/dag_bash_operator.py
[2025-04-01T09:32:07.433+0000] {processor.py:830} INFO - Processing file /opt/airflow/dags/dag_bash_operator.py for tasks to queue
[2025-04-01T09:32:07.437+0000] {logging_mixin.py:188} INFO - [2025-04-01T09:32:07.436+0000] {dagbag.py:538} INFO - Filling up the DagBag from /opt/airflow/dags/dag_bash_operator.py
[2025-04-01T09:32:07.469+0000] {processor.py:840} INFO - DAG(s) 'dags_bash_operator' retrieved from /opt/airflow/dags/dag_bash_operator.py
[2025-04-01T09:32:07.502+0000] {logging_mixin.py:188} INFO - [2025-04-01T09:32:07.502+0000] {dag.py:3036} INFO - Sync 1 DAGs
[2025-04-01T09:32:07.692+0000] {logging_mixin.py:188} INFO - [2025-04-01T09:32:07.692+0000] {dag.py:3823} INFO - Setting next_dagrun for dags_bash_operator to 2025-03-30 15:00:00+00:00, run_after=2025-03-31 15:00:00+00:00
[2025-04-01T09:32:07.719+0000] {processor.py:183} INFO - Processing /opt/airflow/dags/dag_bash_operator.py took 0.293 seconds
[2025-04-01T09:32:38.311+0000] {processor.py:161} INFO - Started process (PID=914) to work on /opt/airflow/dags/dag_bash_operator.py
[2025-04-01T09:32:38.312+0000] {processor.py:830} INFO - Processing file /opt/airflow/dags/dag_bash_operator.py for tasks to queue
[2025-04-01T09:32:38.315+0000] {logging_mixin.py:188} INFO - [2025-04-01T09:32:38.314+0000] {dagbag.py:538} INFO - Filling up the DagBag from /opt/airflow/dags/dag_bash_operator.py
[2025-04-01T09:32:38.346+0000] {processor.py:840} INFO - DAG(s) 'dags_bash_operator' retrieved from /opt/airflow/dags/dag_bash_operator.py
[2025-04-01T09:32:38.367+0000] {logging_mixin.py:188} INFO - [2025-04-01T09:32:38.367+0000] {dag.py:3036} INFO - Sync 1 DAGs
[2025-04-01T09:32:38.390+0000] {logging_mixin.py:188} INFO - [2025-04-01T09:32:38.390+0000] {dag.py:3823} INFO - Setting next_dagrun for dags_bash_operator to 2025-03-30 15:00:00+00:00, run_after=2025-03-31 15:00:00+00:00
[2025-04-01T09:32:38.411+0000] {processor.py:183} INFO - Processing /opt/airflow/dags/dag_bash_operator.py took 0.104 seconds
[2025-04-01T09:33:10.706+0000] {processor.py:161} INFO - Started process (PID=982) to work on /opt/airflow/dags/dag_bash_operator.py
[2025-04-01T09:33:10.708+0000] {processor.py:830} INFO - Processing file /opt/airflow/dags/dag_bash_operator.py for tasks to queue
[2025-04-01T09:33:10.711+0000] {logging_mixin.py:188} INFO - [2025-04-01T09:33:10.711+0000] {dagbag.py:538} INFO - Filling up the DagBag from /opt/airflow/dags/dag_bash_operator.py
[2025-04-01T09:33:10.740+0000] {processor.py:840} INFO - DAG(s) 'dags_bash_operator' retrieved from /opt/airflow/dags/dag_bash_operator.py
[2025-04-01T09:33:10.765+0000] {logging_mixin.py:188} INFO - [2025-04-01T09:33:10.765+0000] {dag.py:3036} INFO - Sync 1 DAGs
[2025-04-01T09:33:10.795+0000] {logging_mixin.py:188} INFO - [2025-04-01T09:33:10.795+0000] {dag.py:3823} INFO - Setting next_dagrun for dags_bash_operator to 2025-03-30 15:00:00+00:00, run_after=2025-03-31 15:00:00+00:00
[2025-04-01T09:33:10.823+0000] {processor.py:183} INFO - Processing /opt/airflow/dags/dag_bash_operator.py took 0.122 seconds
[2025-04-01T09:33:41.677+0000] {processor.py:161} INFO - Started process (PID=1054) to work on /opt/airflow/dags/dag_bash_operator.py
[2025-04-01T09:33:41.679+0000] {processor.py:830} INFO - Processing file /opt/airflow/dags/dag_bash_operator.py for tasks to queue
[2025-04-01T09:33:41.684+0000] {logging_mixin.py:188} INFO - [2025-04-01T09:33:41.683+0000] {dagbag.py:538} INFO - Filling up the DagBag from /opt/airflow/dags/dag_bash_operator.py
[2025-04-01T09:33:41.733+0000] {processor.py:840} INFO - DAG(s) 'dags_bash_operator' retrieved from /opt/airflow/dags/dag_bash_operator.py
[2025-04-01T09:33:41.771+0000] {logging_mixin.py:188} INFO - [2025-04-01T09:33:41.771+0000] {dag.py:3036} INFO - Sync 1 DAGs
[2025-04-01T09:33:41.813+0000] {logging_mixin.py:188} INFO - [2025-04-01T09:33:41.812+0000] {dag.py:3823} INFO - Setting next_dagrun for dags_bash_operator to 2025-03-30 15:00:00+00:00, run_after=2025-03-31 15:00:00+00:00
[2025-04-01T09:33:41.855+0000] {processor.py:183} INFO - Processing /opt/airflow/dags/dag_bash_operator.py took 0.187 seconds
