[2025-04-01T09:19:47.807+0000] {processor.py:161} INFO - Started process (PID=93) to work on /opt/airflow/dags/dag_python_task_operator.py
[2025-04-01T09:19:47.809+0000] {processor.py:830} INFO - Processing file /opt/airflow/dags/dag_python_task_operator.py for tasks to queue
[2025-04-01T09:19:47.815+0000] {logging_mixin.py:188} INFO - [2025-04-01T09:19:47.814+0000] {dagbag.py:538} INFO - Filling up the DagBag from /opt/airflow/dags/dag_python_task_operator.py
[2025-04-01T09:19:47.909+0000] {processor.py:840} INFO - DAG(s) 'dag_python_task_operator' retrieved from /opt/airflow/dags/dag_python_task_operator.py
[2025-04-01T09:19:48.238+0000] {logging_mixin.py:188} INFO - [2025-04-01T09:19:48.235+0000] {override.py:1769} INFO - Created Permission View: can read on DAG:dag_python_task_operator
[2025-04-01T09:19:48.268+0000] {logging_mixin.py:188} INFO - [2025-04-01T09:19:48.267+0000] {override.py:1769} INFO - Created Permission View: can edit on DAG:dag_python_task_operator
[2025-04-01T09:19:48.291+0000] {logging_mixin.py:188} INFO - [2025-04-01T09:19:48.291+0000] {override.py:1769} INFO - Created Permission View: can delete on DAG:dag_python_task_operator
[2025-04-01T09:19:48.293+0000] {logging_mixin.py:188} INFO - [2025-04-01T09:19:48.293+0000] {dag.py:3036} INFO - Sync 1 DAGs
[2025-04-01T09:19:48.319+0000] {logging_mixin.py:188} INFO - [2025-04-01T09:19:48.318+0000] {dag.py:3058} INFO - Creating ORM DAG for dag_python_task_operator
[2025-04-01T09:19:48.349+0000] {logging_mixin.py:188} INFO - [2025-04-01T09:19:48.349+0000] {dag.py:3823} INFO - Setting next_dagrun for dag_python_task_operator to 2025-03-23 17:00:00+00:00, run_after=2025-03-30 17:00:00+00:00
[2025-04-01T09:19:48.402+0000] {processor.py:183} INFO - Processing /opt/airflow/dags/dag_python_task_operator.py took 0.603 seconds
[2025-04-01T09:20:19.252+0000] {processor.py:161} INFO - Started process (PID=166) to work on /opt/airflow/dags/dag_python_task_operator.py
[2025-04-01T09:20:19.254+0000] {processor.py:830} INFO - Processing file /opt/airflow/dags/dag_python_task_operator.py for tasks to queue
[2025-04-01T09:20:19.257+0000] {logging_mixin.py:188} INFO - [2025-04-01T09:20:19.257+0000] {dagbag.py:538} INFO - Filling up the DagBag from /opt/airflow/dags/dag_python_task_operator.py
[2025-04-01T09:20:19.285+0000] {processor.py:840} INFO - DAG(s) 'dag_python_task_operator' retrieved from /opt/airflow/dags/dag_python_task_operator.py
[2025-04-01T09:20:19.311+0000] {logging_mixin.py:188} INFO - [2025-04-01T09:20:19.311+0000] {dag.py:3036} INFO - Sync 1 DAGs
[2025-04-01T09:20:19.338+0000] {logging_mixin.py:188} INFO - [2025-04-01T09:20:19.338+0000] {dag.py:3823} INFO - Setting next_dagrun for dag_python_task_operator to 2025-03-23 17:00:00+00:00, run_after=2025-03-30 17:00:00+00:00
[2025-04-01T09:20:19.369+0000] {processor.py:183} INFO - Processing /opt/airflow/dags/dag_python_task_operator.py took 0.121 seconds
[2025-04-01T09:20:48.935+0000] {processor.py:161} INFO - Started process (PID=240) to work on /opt/airflow/dags/dag_python_task_operator.py
[2025-04-01T09:20:48.937+0000] {processor.py:830} INFO - Processing file /opt/airflow/dags/dag_python_task_operator.py for tasks to queue
[2025-04-01T09:20:48.942+0000] {logging_mixin.py:188} INFO - [2025-04-01T09:20:48.941+0000] {dagbag.py:538} INFO - Filling up the DagBag from /opt/airflow/dags/dag_python_task_operator.py
[2025-04-01T09:20:48.996+0000] {processor.py:840} INFO - DAG(s) 'dag_python_task_operator' retrieved from /opt/airflow/dags/dag_python_task_operator.py
[2025-04-01T09:20:49.037+0000] {logging_mixin.py:188} INFO - [2025-04-01T09:20:49.036+0000] {dag.py:3036} INFO - Sync 1 DAGs
[2025-04-01T09:20:49.078+0000] {logging_mixin.py:188} INFO - [2025-04-01T09:20:49.078+0000] {dag.py:3823} INFO - Setting next_dagrun for dag_python_task_operator to 2025-03-23 17:00:00+00:00, run_after=2025-03-30 17:00:00+00:00
[2025-04-01T09:20:49.123+0000] {processor.py:183} INFO - Processing /opt/airflow/dags/dag_python_task_operator.py took 0.195 seconds
[2025-04-01T09:21:19.909+0000] {processor.py:161} INFO - Started process (PID=300) to work on /opt/airflow/dags/dag_python_task_operator.py
[2025-04-01T09:21:19.911+0000] {processor.py:830} INFO - Processing file /opt/airflow/dags/dag_python_task_operator.py for tasks to queue
[2025-04-01T09:21:19.913+0000] {logging_mixin.py:188} INFO - [2025-04-01T09:21:19.912+0000] {dagbag.py:538} INFO - Filling up the DagBag from /opt/airflow/dags/dag_python_task_operator.py
[2025-04-01T09:21:19.936+0000] {processor.py:840} INFO - DAG(s) 'dag_python_task_operator' retrieved from /opt/airflow/dags/dag_python_task_operator.py
[2025-04-01T09:21:19.956+0000] {logging_mixin.py:188} INFO - [2025-04-01T09:21:19.956+0000] {dag.py:3036} INFO - Sync 1 DAGs
[2025-04-01T09:21:19.979+0000] {logging_mixin.py:188} INFO - [2025-04-01T09:21:19.979+0000] {dag.py:3823} INFO - Setting next_dagrun for dag_python_task_operator to 2025-03-23 17:00:00+00:00, run_after=2025-03-30 17:00:00+00:00
[2025-04-01T09:21:20.000+0000] {processor.py:183} INFO - Processing /opt/airflow/dags/dag_python_task_operator.py took 0.095 seconds
[2025-04-01T09:21:50.765+0000] {processor.py:161} INFO - Started process (PID=368) to work on /opt/airflow/dags/dag_python_task_operator.py
[2025-04-01T09:21:50.766+0000] {processor.py:830} INFO - Processing file /opt/airflow/dags/dag_python_task_operator.py for tasks to queue
[2025-04-01T09:21:50.768+0000] {logging_mixin.py:188} INFO - [2025-04-01T09:21:50.768+0000] {dagbag.py:538} INFO - Filling up the DagBag from /opt/airflow/dags/dag_python_task_operator.py
[2025-04-01T09:21:50.793+0000] {processor.py:840} INFO - DAG(s) 'dag_python_task_operator' retrieved from /opt/airflow/dags/dag_python_task_operator.py
[2025-04-01T09:21:50.813+0000] {logging_mixin.py:188} INFO - [2025-04-01T09:21:50.813+0000] {dag.py:3036} INFO - Sync 1 DAGs
[2025-04-01T09:21:50.835+0000] {logging_mixin.py:188} INFO - [2025-04-01T09:21:50.835+0000] {dag.py:3823} INFO - Setting next_dagrun for dag_python_task_operator to 2025-03-23 17:00:00+00:00, run_after=2025-03-30 17:00:00+00:00
[2025-04-01T09:21:50.857+0000] {processor.py:183} INFO - Processing /opt/airflow/dags/dag_python_task_operator.py took 0.096 seconds
[2025-04-01T09:22:23.205+0000] {processor.py:161} INFO - Started process (PID=436) to work on /opt/airflow/dags/dag_python_task_operator.py
[2025-04-01T09:22:23.208+0000] {processor.py:830} INFO - Processing file /opt/airflow/dags/dag_python_task_operator.py for tasks to queue
[2025-04-01T09:22:23.212+0000] {logging_mixin.py:188} INFO - [2025-04-01T09:22:23.211+0000] {dagbag.py:538} INFO - Filling up the DagBag from /opt/airflow/dags/dag_python_task_operator.py
[2025-04-01T09:22:23.254+0000] {processor.py:840} INFO - DAG(s) 'dag_python_task_operator' retrieved from /opt/airflow/dags/dag_python_task_operator.py
[2025-04-01T09:22:23.298+0000] {logging_mixin.py:188} INFO - [2025-04-01T09:22:23.297+0000] {dag.py:3036} INFO - Sync 1 DAGs
[2025-04-01T09:22:23.359+0000] {logging_mixin.py:188} INFO - [2025-04-01T09:22:23.359+0000] {dag.py:3823} INFO - Setting next_dagrun for dag_python_task_operator to 2025-03-23 17:00:00+00:00, run_after=2025-03-30 17:00:00+00:00
[2025-04-01T09:22:23.396+0000] {processor.py:183} INFO - Processing /opt/airflow/dags/dag_python_task_operator.py took 0.202 seconds
[2025-04-01T09:22:53.721+0000] {processor.py:161} INFO - Started process (PID=504) to work on /opt/airflow/dags/dag_python_task_operator.py
[2025-04-01T09:22:53.723+0000] {processor.py:830} INFO - Processing file /opt/airflow/dags/dag_python_task_operator.py for tasks to queue
[2025-04-01T09:22:53.724+0000] {logging_mixin.py:188} INFO - [2025-04-01T09:22:53.724+0000] {dagbag.py:538} INFO - Filling up the DagBag from /opt/airflow/dags/dag_python_task_operator.py
[2025-04-01T09:22:53.745+0000] {processor.py:840} INFO - DAG(s) 'dag_python_task_operator' retrieved from /opt/airflow/dags/dag_python_task_operator.py
[2025-04-01T09:22:53.762+0000] {logging_mixin.py:188} INFO - [2025-04-01T09:22:53.761+0000] {dag.py:3036} INFO - Sync 1 DAGs
[2025-04-01T09:22:53.780+0000] {logging_mixin.py:188} INFO - [2025-04-01T09:22:53.780+0000] {dag.py:3823} INFO - Setting next_dagrun for dag_python_task_operator to 2025-03-23 17:00:00+00:00, run_after=2025-03-30 17:00:00+00:00
[2025-04-01T09:22:53.796+0000] {processor.py:183} INFO - Processing /opt/airflow/dags/dag_python_task_operator.py took 0.079 seconds
[2025-04-01T09:23:24.679+0000] {processor.py:161} INFO - Started process (PID=572) to work on /opt/airflow/dags/dag_python_task_operator.py
[2025-04-01T09:23:24.681+0000] {processor.py:830} INFO - Processing file /opt/airflow/dags/dag_python_task_operator.py for tasks to queue
[2025-04-01T09:23:24.683+0000] {logging_mixin.py:188} INFO - [2025-04-01T09:23:24.682+0000] {dagbag.py:538} INFO - Filling up the DagBag from /opt/airflow/dags/dag_python_task_operator.py
[2025-04-01T09:23:24.705+0000] {processor.py:840} INFO - DAG(s) 'dag_python_task_operator' retrieved from /opt/airflow/dags/dag_python_task_operator.py
[2025-04-01T09:23:24.726+0000] {logging_mixin.py:188} INFO - [2025-04-01T09:23:24.726+0000] {dag.py:3036} INFO - Sync 1 DAGs
[2025-04-01T09:23:24.747+0000] {logging_mixin.py:188} INFO - [2025-04-01T09:23:24.747+0000] {dag.py:3823} INFO - Setting next_dagrun for dag_python_task_operator to 2025-03-23 17:00:00+00:00, run_after=2025-03-30 17:00:00+00:00
[2025-04-01T09:23:24.767+0000] {processor.py:183} INFO - Processing /opt/airflow/dags/dag_python_task_operator.py took 0.091 seconds
[2025-04-01T09:23:55.490+0000] {processor.py:161} INFO - Started process (PID=646) to work on /opt/airflow/dags/dag_python_task_operator.py
[2025-04-01T09:23:55.492+0000] {processor.py:830} INFO - Processing file /opt/airflow/dags/dag_python_task_operator.py for tasks to queue
[2025-04-01T09:23:55.495+0000] {logging_mixin.py:188} INFO - [2025-04-01T09:23:55.495+0000] {dagbag.py:538} INFO - Filling up the DagBag from /opt/airflow/dags/dag_python_task_operator.py
[2025-04-01T09:23:55.537+0000] {processor.py:840} INFO - DAG(s) 'dag_python_task_operator' retrieved from /opt/airflow/dags/dag_python_task_operator.py
[2025-04-01T09:23:55.583+0000] {logging_mixin.py:188} INFO - [2025-04-01T09:23:55.582+0000] {dag.py:3036} INFO - Sync 1 DAGs
[2025-04-01T09:23:55.617+0000] {logging_mixin.py:188} INFO - [2025-04-01T09:23:55.617+0000] {dag.py:3823} INFO - Setting next_dagrun for dag_python_task_operator to 2025-03-23 17:00:00+00:00, run_after=2025-03-30 17:00:00+00:00
[2025-04-01T09:23:55.648+0000] {processor.py:183} INFO - Processing /opt/airflow/dags/dag_python_task_operator.py took 0.165 seconds
[2025-04-01T09:24:26.262+0000] {processor.py:161} INFO - Started process (PID=714) to work on /opt/airflow/dags/dag_python_task_operator.py
[2025-04-01T09:24:26.263+0000] {processor.py:830} INFO - Processing file /opt/airflow/dags/dag_python_task_operator.py for tasks to queue
[2025-04-01T09:24:26.265+0000] {logging_mixin.py:188} INFO - [2025-04-01T09:24:26.265+0000] {dagbag.py:538} INFO - Filling up the DagBag from /opt/airflow/dags/dag_python_task_operator.py
[2025-04-01T09:24:26.288+0000] {processor.py:840} INFO - DAG(s) 'dag_python_task_operator' retrieved from /opt/airflow/dags/dag_python_task_operator.py
[2025-04-01T09:24:26.304+0000] {logging_mixin.py:188} INFO - [2025-04-01T09:24:26.304+0000] {dag.py:3036} INFO - Sync 1 DAGs
[2025-04-01T09:24:26.324+0000] {logging_mixin.py:188} INFO - [2025-04-01T09:24:26.323+0000] {dag.py:3823} INFO - Setting next_dagrun for dag_python_task_operator to 2025-03-23 17:00:00+00:00, run_after=2025-03-30 17:00:00+00:00
[2025-04-01T09:24:26.341+0000] {processor.py:183} INFO - Processing /opt/airflow/dags/dag_python_task_operator.py took 0.081 seconds
[2025-04-01T09:24:56.468+0000] {processor.py:161} INFO - Started process (PID=782) to work on /opt/airflow/dags/dag_python_task_operator.py
[2025-04-01T09:24:56.470+0000] {processor.py:830} INFO - Processing file /opt/airflow/dags/dag_python_task_operator.py for tasks to queue
[2025-04-01T09:24:56.473+0000] {logging_mixin.py:188} INFO - [2025-04-01T09:24:56.473+0000] {dagbag.py:538} INFO - Filling up the DagBag from /opt/airflow/dags/dag_python_task_operator.py
[2025-04-01T09:24:56.502+0000] {processor.py:840} INFO - DAG(s) 'dag_python_task_operator' retrieved from /opt/airflow/dags/dag_python_task_operator.py
[2025-04-01T09:24:56.531+0000] {logging_mixin.py:188} INFO - [2025-04-01T09:24:56.531+0000] {dag.py:3036} INFO - Sync 1 DAGs
[2025-04-01T09:24:56.572+0000] {logging_mixin.py:188} INFO - [2025-04-01T09:24:56.572+0000] {dag.py:3823} INFO - Setting next_dagrun for dag_python_task_operator to 2025-03-23 17:00:00+00:00, run_after=2025-03-30 17:00:00+00:00
[2025-04-01T09:24:56.602+0000] {processor.py:183} INFO - Processing /opt/airflow/dags/dag_python_task_operator.py took 0.139 seconds
[2025-04-01T09:26:27.448+0000] {processor.py:161} INFO - Started process (PID=87) to work on /opt/airflow/dags/dag_python_task_operator.py
[2025-04-01T09:26:27.458+0000] {processor.py:830} INFO - Processing file /opt/airflow/dags/dag_python_task_operator.py for tasks to queue
[2025-04-01T09:26:27.465+0000] {logging_mixin.py:188} INFO - [2025-04-01T09:26:27.463+0000] {dagbag.py:538} INFO - Filling up the DagBag from /opt/airflow/dags/dag_python_task_operator.py
[2025-04-01T09:26:27.538+0000] {processor.py:840} INFO - DAG(s) 'dag_python_task_operator' retrieved from /opt/airflow/dags/dag_python_task_operator.py
[2025-04-01T09:26:27.945+0000] {logging_mixin.py:188} INFO - [2025-04-01T09:26:27.944+0000] {override.py:1769} INFO - Created Permission View: can read on DAG:dag_python_task_operator
[2025-04-01T09:26:27.981+0000] {logging_mixin.py:188} INFO - [2025-04-01T09:26:27.980+0000] {override.py:1769} INFO - Created Permission View: can delete on DAG:dag_python_task_operator
[2025-04-01T09:26:27.998+0000] {logging_mixin.py:188} INFO - [2025-04-01T09:26:27.997+0000] {override.py:1769} INFO - Created Permission View: can edit on DAG:dag_python_task_operator
[2025-04-01T09:26:27.999+0000] {logging_mixin.py:188} INFO - [2025-04-01T09:26:27.999+0000] {dag.py:3036} INFO - Sync 1 DAGs
[2025-04-01T09:26:28.031+0000] {logging_mixin.py:188} INFO - [2025-04-01T09:26:28.030+0000] {dag.py:3058} INFO - Creating ORM DAG for dag_python_task_operator
[2025-04-01T09:26:28.068+0000] {logging_mixin.py:188} INFO - [2025-04-01T09:26:28.067+0000] {dag.py:3823} INFO - Setting next_dagrun for dag_python_task_operator to 2025-03-23 17:00:00+00:00, run_after=2025-03-30 17:00:00+00:00
[2025-04-01T09:26:28.120+0000] {processor.py:183} INFO - Processing /opt/airflow/dags/dag_python_task_operator.py took 0.688 seconds
[2025-04-01T09:26:58.900+0000] {processor.py:161} INFO - Started process (PID=156) to work on /opt/airflow/dags/dag_python_task_operator.py
[2025-04-01T09:26:58.902+0000] {processor.py:830} INFO - Processing file /opt/airflow/dags/dag_python_task_operator.py for tasks to queue
[2025-04-01T09:26:58.905+0000] {logging_mixin.py:188} INFO - [2025-04-01T09:26:58.904+0000] {dagbag.py:538} INFO - Filling up the DagBag from /opt/airflow/dags/dag_python_task_operator.py
[2025-04-01T09:26:58.942+0000] {processor.py:840} INFO - DAG(s) 'dag_python_task_operator' retrieved from /opt/airflow/dags/dag_python_task_operator.py
[2025-04-01T09:26:58.969+0000] {logging_mixin.py:188} INFO - [2025-04-01T09:26:58.969+0000] {dag.py:3036} INFO - Sync 1 DAGs
[2025-04-01T09:26:58.996+0000] {logging_mixin.py:188} INFO - [2025-04-01T09:26:58.996+0000] {dag.py:3823} INFO - Setting next_dagrun for dag_python_task_operator to 2025-03-23 17:00:00+00:00, run_after=2025-03-30 17:00:00+00:00
[2025-04-01T09:26:59.020+0000] {processor.py:183} INFO - Processing /opt/airflow/dags/dag_python_task_operator.py took 0.124 seconds
[2025-04-01T09:27:30.803+0000] {processor.py:161} INFO - Started process (PID=223) to work on /opt/airflow/dags/dag_python_task_operator.py
[2025-04-01T09:27:30.807+0000] {processor.py:830} INFO - Processing file /opt/airflow/dags/dag_python_task_operator.py for tasks to queue
[2025-04-01T09:27:30.817+0000] {logging_mixin.py:188} INFO - [2025-04-01T09:27:30.815+0000] {dagbag.py:538} INFO - Filling up the DagBag from /opt/airflow/dags/dag_python_task_operator.py
[2025-04-01T09:27:30.935+0000] {processor.py:840} INFO - DAG(s) 'dag_python_task_operator' retrieved from /opt/airflow/dags/dag_python_task_operator.py
[2025-04-01T09:27:31.055+0000] {logging_mixin.py:188} INFO - [2025-04-01T09:27:31.054+0000] {dag.py:3036} INFO - Sync 1 DAGs
[2025-04-01T09:27:31.175+0000] {logging_mixin.py:188} INFO - [2025-04-01T09:27:31.174+0000] {dag.py:3823} INFO - Setting next_dagrun for dag_python_task_operator to 2025-03-23 17:00:00+00:00, run_after=2025-03-30 17:00:00+00:00
[2025-04-01T09:27:31.345+0000] {processor.py:183} INFO - Processing /opt/airflow/dags/dag_python_task_operator.py took 0.551 seconds
[2025-04-01T09:28:02.013+0000] {processor.py:161} INFO - Started process (PID=291) to work on /opt/airflow/dags/dag_python_task_operator.py
[2025-04-01T09:28:02.015+0000] {processor.py:830} INFO - Processing file /opt/airflow/dags/dag_python_task_operator.py for tasks to queue
[2025-04-01T09:28:02.020+0000] {logging_mixin.py:188} INFO - [2025-04-01T09:28:02.019+0000] {dagbag.py:538} INFO - Filling up the DagBag from /opt/airflow/dags/dag_python_task_operator.py
[2025-04-01T09:28:02.047+0000] {processor.py:840} INFO - DAG(s) 'dag_python_task_operator' retrieved from /opt/airflow/dags/dag_python_task_operator.py
[2025-04-01T09:28:02.071+0000] {logging_mixin.py:188} INFO - [2025-04-01T09:28:02.071+0000] {dag.py:3036} INFO - Sync 1 DAGs
[2025-04-01T09:28:02.098+0000] {logging_mixin.py:188} INFO - [2025-04-01T09:28:02.098+0000] {dag.py:3823} INFO - Setting next_dagrun for dag_python_task_operator to 2025-03-23 17:00:00+00:00, run_after=2025-03-30 17:00:00+00:00
[2025-04-01T09:28:02.125+0000] {processor.py:183} INFO - Processing /opt/airflow/dags/dag_python_task_operator.py took 0.115 seconds
[2025-04-01T09:28:32.676+0000] {processor.py:161} INFO - Started process (PID=359) to work on /opt/airflow/dags/dag_python_task_operator.py
[2025-04-01T09:28:32.677+0000] {processor.py:830} INFO - Processing file /opt/airflow/dags/dag_python_task_operator.py for tasks to queue
[2025-04-01T09:28:32.678+0000] {logging_mixin.py:188} INFO - [2025-04-01T09:28:32.678+0000] {dagbag.py:538} INFO - Filling up the DagBag from /opt/airflow/dags/dag_python_task_operator.py
[2025-04-01T09:28:32.696+0000] {processor.py:840} INFO - DAG(s) 'dag_python_task_operator' retrieved from /opt/airflow/dags/dag_python_task_operator.py
[2025-04-01T09:28:32.711+0000] {logging_mixin.py:188} INFO - [2025-04-01T09:28:32.711+0000] {dag.py:3036} INFO - Sync 1 DAGs
[2025-04-01T09:28:32.726+0000] {logging_mixin.py:188} INFO - [2025-04-01T09:28:32.726+0000] {dag.py:3823} INFO - Setting next_dagrun for dag_python_task_operator to 2025-03-23 17:00:00+00:00, run_after=2025-03-30 17:00:00+00:00
[2025-04-01T09:28:32.744+0000] {processor.py:183} INFO - Processing /opt/airflow/dags/dag_python_task_operator.py took 0.070 seconds
[2025-04-01T09:29:04.727+0000] {processor.py:161} INFO - Started process (PID=427) to work on /opt/airflow/dags/dag_python_task_operator.py
[2025-04-01T09:29:04.731+0000] {processor.py:830} INFO - Processing file /opt/airflow/dags/dag_python_task_operator.py for tasks to queue
[2025-04-01T09:29:04.740+0000] {logging_mixin.py:188} INFO - [2025-04-01T09:29:04.739+0000] {dagbag.py:538} INFO - Filling up the DagBag from /opt/airflow/dags/dag_python_task_operator.py
[2025-04-01T09:29:04.825+0000] {processor.py:840} INFO - DAG(s) 'dag_python_task_operator' retrieved from /opt/airflow/dags/dag_python_task_operator.py
[2025-04-01T09:29:04.906+0000] {logging_mixin.py:188} INFO - [2025-04-01T09:29:04.904+0000] {dag.py:3036} INFO - Sync 1 DAGs
[2025-04-01T09:29:05.011+0000] {logging_mixin.py:188} INFO - [2025-04-01T09:29:05.010+0000] {dag.py:3823} INFO - Setting next_dagrun for dag_python_task_operator to 2025-03-23 17:00:00+00:00, run_after=2025-03-30 17:00:00+00:00
[2025-04-01T09:29:05.131+0000] {processor.py:183} INFO - Processing /opt/airflow/dags/dag_python_task_operator.py took 0.424 seconds
[2025-04-01T09:29:33.855+0000] {processor.py:161} INFO - Started process (PID=508) to work on /opt/airflow/dags/dag_python_task_operator.py
[2025-04-01T09:29:33.856+0000] {processor.py:830} INFO - Processing file /opt/airflow/dags/dag_python_task_operator.py for tasks to queue
[2025-04-01T09:29:33.860+0000] {logging_mixin.py:188} INFO - [2025-04-01T09:29:33.859+0000] {dagbag.py:538} INFO - Filling up the DagBag from /opt/airflow/dags/dag_python_task_operator.py
[2025-04-01T09:29:33.890+0000] {processor.py:840} INFO - DAG(s) 'dag_python_task_operator' retrieved from /opt/airflow/dags/dag_python_task_operator.py
[2025-04-01T09:29:33.921+0000] {logging_mixin.py:188} INFO - [2025-04-01T09:29:33.921+0000] {dag.py:3036} INFO - Sync 1 DAGs
[2025-04-01T09:29:33.952+0000] {logging_mixin.py:188} INFO - [2025-04-01T09:29:33.951+0000] {dag.py:3823} INFO - Setting next_dagrun for dag_python_task_operator to 2025-03-23 17:00:00+00:00, run_after=2025-03-30 17:00:00+00:00
[2025-04-01T09:29:33.980+0000] {processor.py:183} INFO - Processing /opt/airflow/dags/dag_python_task_operator.py took 0.130 seconds
[2025-04-01T09:30:04.877+0000] {processor.py:161} INFO - Started process (PID=564) to work on /opt/airflow/dags/dag_python_task_operator.py
[2025-04-01T09:30:04.878+0000] {processor.py:830} INFO - Processing file /opt/airflow/dags/dag_python_task_operator.py for tasks to queue
[2025-04-01T09:30:04.880+0000] {logging_mixin.py:188} INFO - [2025-04-01T09:30:04.879+0000] {dagbag.py:538} INFO - Filling up the DagBag from /opt/airflow/dags/dag_python_task_operator.py
[2025-04-01T09:30:04.897+0000] {processor.py:840} INFO - DAG(s) 'dag_python_task_operator' retrieved from /opt/airflow/dags/dag_python_task_operator.py
[2025-04-01T09:30:04.911+0000] {logging_mixin.py:188} INFO - [2025-04-01T09:30:04.911+0000] {dag.py:3036} INFO - Sync 1 DAGs
[2025-04-01T09:30:04.926+0000] {logging_mixin.py:188} INFO - [2025-04-01T09:30:04.926+0000] {dag.py:3823} INFO - Setting next_dagrun for dag_python_task_operator to 2025-03-23 17:00:00+00:00, run_after=2025-03-30 17:00:00+00:00
[2025-04-01T09:30:04.942+0000] {processor.py:183} INFO - Processing /opt/airflow/dags/dag_python_task_operator.py took 0.067 seconds
[2025-04-01T09:30:36.166+0000] {processor.py:161} INFO - Started process (PID=639) to work on /opt/airflow/dags/dag_python_task_operator.py
[2025-04-01T09:30:36.170+0000] {processor.py:830} INFO - Processing file /opt/airflow/dags/dag_python_task_operator.py for tasks to queue
[2025-04-01T09:30:36.175+0000] {logging_mixin.py:188} INFO - [2025-04-01T09:30:36.174+0000] {dagbag.py:538} INFO - Filling up the DagBag from /opt/airflow/dags/dag_python_task_operator.py
[2025-04-01T09:30:36.241+0000] {processor.py:840} INFO - DAG(s) 'dag_python_task_operator' retrieved from /opt/airflow/dags/dag_python_task_operator.py
[2025-04-01T09:30:36.282+0000] {logging_mixin.py:188} INFO - [2025-04-01T09:30:36.282+0000] {dag.py:3036} INFO - Sync 1 DAGs
[2025-04-01T09:30:39.129+0000] {logging_mixin.py:188} INFO - [2025-04-01T09:30:39.129+0000] {dag.py:3823} INFO - Setting next_dagrun for dag_python_task_operator to 2025-03-23 17:00:00+00:00, run_after=2025-03-30 17:00:00+00:00
[2025-04-01T09:30:39.176+0000] {processor.py:183} INFO - Processing /opt/airflow/dags/dag_python_task_operator.py took 0.225 seconds
[2025-04-01T09:31:05.131+0000] {processor.py:161} INFO - Started process (PID=713) to work on /opt/airflow/dags/dag_python_task_operator.py
[2025-04-01T09:31:05.134+0000] {processor.py:830} INFO - Processing file /opt/airflow/dags/dag_python_task_operator.py for tasks to queue
[2025-04-01T09:31:05.138+0000] {logging_mixin.py:188} INFO - [2025-04-01T09:31:05.137+0000] {dagbag.py:538} INFO - Filling up the DagBag from /opt/airflow/dags/dag_python_task_operator.py
[2025-04-01T09:31:05.180+0000] {processor.py:840} INFO - DAG(s) 'dag_python_task_operator' retrieved from /opt/airflow/dags/dag_python_task_operator.py
[2025-04-01T09:31:05.213+0000] {logging_mixin.py:188} INFO - [2025-04-01T09:31:05.213+0000] {dag.py:3036} INFO - Sync 1 DAGs
[2025-04-01T09:31:05.254+0000] {logging_mixin.py:188} INFO - [2025-04-01T09:31:05.254+0000] {dag.py:3823} INFO - Setting next_dagrun for dag_python_task_operator to 2025-03-23 17:00:00+00:00, run_after=2025-03-30 17:00:00+00:00
[2025-04-01T09:31:05.292+0000] {processor.py:183} INFO - Processing /opt/airflow/dags/dag_python_task_operator.py took 0.167 seconds
[2025-04-01T09:31:36.135+0000] {processor.py:161} INFO - Started process (PID=771) to work on /opt/airflow/dags/dag_python_task_operator.py
[2025-04-01T09:31:36.137+0000] {processor.py:830} INFO - Processing file /opt/airflow/dags/dag_python_task_operator.py for tasks to queue
[2025-04-01T09:31:36.143+0000] {logging_mixin.py:188} INFO - [2025-04-01T09:31:36.142+0000] {dagbag.py:538} INFO - Filling up the DagBag from /opt/airflow/dags/dag_python_task_operator.py
[2025-04-01T09:31:36.191+0000] {processor.py:840} INFO - DAG(s) 'dag_python_task_operator' retrieved from /opt/airflow/dags/dag_python_task_operator.py
[2025-04-01T09:31:36.230+0000] {logging_mixin.py:188} INFO - [2025-04-01T09:31:36.229+0000] {dag.py:3036} INFO - Sync 1 DAGs
[2025-04-01T09:31:36.277+0000] {logging_mixin.py:188} INFO - [2025-04-01T09:31:36.276+0000] {dag.py:3823} INFO - Setting next_dagrun for dag_python_task_operator to 2025-03-23 17:00:00+00:00, run_after=2025-03-30 17:00:00+00:00
[2025-04-01T09:31:36.322+0000] {processor.py:183} INFO - Processing /opt/airflow/dags/dag_python_task_operator.py took 0.193 seconds
[2025-04-01T09:32:07.303+0000] {processor.py:161} INFO - Started process (PID=844) to work on /opt/airflow/dags/dag_python_task_operator.py
[2025-04-01T09:32:07.305+0000] {processor.py:830} INFO - Processing file /opt/airflow/dags/dag_python_task_operator.py for tasks to queue
[2025-04-01T09:32:07.308+0000] {logging_mixin.py:188} INFO - [2025-04-01T09:32:07.307+0000] {dagbag.py:538} INFO - Filling up the DagBag from /opt/airflow/dags/dag_python_task_operator.py
[2025-04-01T09:32:07.336+0000] {processor.py:840} INFO - DAG(s) 'dag_python_task_operator' retrieved from /opt/airflow/dags/dag_python_task_operator.py
[2025-04-01T09:32:07.362+0000] {logging_mixin.py:188} INFO - [2025-04-01T09:32:07.362+0000] {dag.py:3036} INFO - Sync 1 DAGs
[2025-04-01T09:32:07.536+0000] {logging_mixin.py:188} INFO - [2025-04-01T09:32:07.535+0000] {dag.py:3823} INFO - Setting next_dagrun for dag_python_task_operator to 2025-03-23 17:00:00+00:00, run_after=2025-03-30 17:00:00+00:00
[2025-04-01T09:32:07.566+0000] {processor.py:183} INFO - Processing /opt/airflow/dags/dag_python_task_operator.py took 0.269 seconds
[2025-04-01T09:32:38.206+0000] {processor.py:161} INFO - Started process (PID=912) to work on /opt/airflow/dags/dag_python_task_operator.py
[2025-04-01T09:32:38.207+0000] {processor.py:830} INFO - Processing file /opt/airflow/dags/dag_python_task_operator.py for tasks to queue
[2025-04-01T09:32:38.209+0000] {logging_mixin.py:188} INFO - [2025-04-01T09:32:38.209+0000] {dagbag.py:538} INFO - Filling up the DagBag from /opt/airflow/dags/dag_python_task_operator.py
[2025-04-01T09:32:38.237+0000] {processor.py:840} INFO - DAG(s) 'dag_python_task_operator' retrieved from /opt/airflow/dags/dag_python_task_operator.py
[2025-04-01T09:32:38.258+0000] {logging_mixin.py:188} INFO - [2025-04-01T09:32:38.257+0000] {dag.py:3036} INFO - Sync 1 DAGs
[2025-04-01T09:32:38.280+0000] {logging_mixin.py:188} INFO - [2025-04-01T09:32:38.280+0000] {dag.py:3823} INFO - Setting next_dagrun for dag_python_task_operator to 2025-03-23 17:00:00+00:00, run_after=2025-03-30 17:00:00+00:00
[2025-04-01T09:32:38.302+0000] {processor.py:183} INFO - Processing /opt/airflow/dags/dag_python_task_operator.py took 0.100 seconds
[2025-04-01T09:33:10.294+0000] {processor.py:161} INFO - Started process (PID=978) to work on /opt/airflow/dags/dag_python_task_operator.py
[2025-04-01T09:33:10.295+0000] {processor.py:830} INFO - Processing file /opt/airflow/dags/dag_python_task_operator.py for tasks to queue
[2025-04-01T09:33:10.298+0000] {logging_mixin.py:188} INFO - [2025-04-01T09:33:10.297+0000] {dagbag.py:538} INFO - Filling up the DagBag from /opt/airflow/dags/dag_python_task_operator.py
[2025-04-01T09:33:10.327+0000] {processor.py:840} INFO - DAG(s) 'dag_python_task_operator' retrieved from /opt/airflow/dags/dag_python_task_operator.py
[2025-04-01T09:33:10.354+0000] {logging_mixin.py:188} INFO - [2025-04-01T09:33:10.353+0000] {dag.py:3036} INFO - Sync 1 DAGs
[2025-04-01T09:33:10.380+0000] {logging_mixin.py:188} INFO - [2025-04-01T09:33:10.380+0000] {dag.py:3823} INFO - Setting next_dagrun for dag_python_task_operator to 2025-03-23 17:00:00+00:00, run_after=2025-03-30 17:00:00+00:00
[2025-04-01T09:33:10.409+0000] {processor.py:183} INFO - Processing /opt/airflow/dags/dag_python_task_operator.py took 0.119 seconds
[2025-04-01T09:33:40.733+0000] {processor.py:161} INFO - Started process (PID=1048) to work on /opt/airflow/dags/dag_python_task_operator.py
[2025-04-01T09:33:40.736+0000] {processor.py:830} INFO - Processing file /opt/airflow/dags/dag_python_task_operator.py for tasks to queue
[2025-04-01T09:33:40.744+0000] {logging_mixin.py:188} INFO - [2025-04-01T09:33:40.743+0000] {dagbag.py:538} INFO - Filling up the DagBag from /opt/airflow/dags/dag_python_task_operator.py
[2025-04-01T09:33:40.796+0000] {processor.py:840} INFO - DAG(s) 'dag_python_task_operator' retrieved from /opt/airflow/dags/dag_python_task_operator.py
[2025-04-01T09:33:40.852+0000] {logging_mixin.py:188} INFO - [2025-04-01T09:33:40.851+0000] {dag.py:3036} INFO - Sync 1 DAGs
[2025-04-01T09:33:40.925+0000] {logging_mixin.py:188} INFO - [2025-04-01T09:33:40.924+0000] {dag.py:3823} INFO - Setting next_dagrun for dag_python_task_operator to 2025-03-23 17:00:00+00:00, run_after=2025-03-30 17:00:00+00:00
[2025-04-01T09:33:40.997+0000] {processor.py:183} INFO - Processing /opt/airflow/dags/dag_python_task_operator.py took 0.271 seconds
