[2025-04-01T09:19:48.511+0000] {processor.py:161} INFO - Started process (PID=96) to work on /opt/airflow/dags/dag_email_operator.py
[2025-04-01T09:19:48.515+0000] {processor.py:830} INFO - Processing file /opt/airflow/dags/dag_email_operator.py for tasks to queue
[2025-04-01T09:19:48.522+0000] {logging_mixin.py:188} INFO - [2025-04-01T09:19:48.520+0000] {dagbag.py:538} INFO - Filling up the DagBag from /opt/airflow/dags/dag_email_operator.py
[2025-04-01T09:19:48.636+0000] {processor.py:840} INFO - DAG(s) 'dag_email_operator' retrieved from /opt/airflow/dags/dag_email_operator.py
[2025-04-01T09:19:48.849+0000] {logging_mixin.py:188} INFO - [2025-04-01T09:19:48.848+0000] {override.py:1769} INFO - Created Permission View: can read on DAG:dag_email_operator
[2025-04-01T09:19:48.874+0000] {logging_mixin.py:188} INFO - [2025-04-01T09:19:48.874+0000] {override.py:1769} INFO - Created Permission View: can edit on DAG:dag_email_operator
[2025-04-01T09:19:48.891+0000] {logging_mixin.py:188} INFO - [2025-04-01T09:19:48.891+0000] {override.py:1769} INFO - Created Permission View: can delete on DAG:dag_email_operator
[2025-04-01T09:19:48.893+0000] {logging_mixin.py:188} INFO - [2025-04-01T09:19:48.892+0000] {dag.py:3036} INFO - Sync 1 DAGs
[2025-04-01T09:19:48.915+0000] {logging_mixin.py:188} INFO - [2025-04-01T09:19:48.915+0000] {dag.py:3058} INFO - Creating ORM DAG for dag_email_operator
[2025-04-01T09:19:48.939+0000] {logging_mixin.py:188} INFO - [2025-04-01T09:19:48.939+0000] {dag.py:3823} INFO - Setting next_dagrun for dag_email_operator to 2025-02-28 23:00:00+00:00, run_after=2025-03-31 23:00:00+00:00
[2025-04-01T09:19:48.977+0000] {processor.py:183} INFO - Processing /opt/airflow/dags/dag_email_operator.py took 0.475 seconds
[2025-04-01T09:20:19.461+0000] {processor.py:161} INFO - Started process (PID=168) to work on /opt/airflow/dags/dag_email_operator.py
[2025-04-01T09:20:19.463+0000] {processor.py:830} INFO - Processing file /opt/airflow/dags/dag_email_operator.py for tasks to queue
[2025-04-01T09:20:19.466+0000] {logging_mixin.py:188} INFO - [2025-04-01T09:20:19.465+0000] {dagbag.py:538} INFO - Filling up the DagBag from /opt/airflow/dags/dag_email_operator.py
[2025-04-01T09:20:19.497+0000] {processor.py:840} INFO - DAG(s) 'dag_email_operator' retrieved from /opt/airflow/dags/dag_email_operator.py
[2025-04-01T09:20:19.522+0000] {logging_mixin.py:188} INFO - [2025-04-01T09:20:19.522+0000] {dag.py:3036} INFO - Sync 1 DAGs
[2025-04-01T09:20:19.550+0000] {logging_mixin.py:188} INFO - [2025-04-01T09:20:19.550+0000] {dag.py:3823} INFO - Setting next_dagrun for dag_email_operator to 2025-02-28 23:00:00+00:00, run_after=2025-03-31 23:00:00+00:00
[2025-04-01T09:20:19.578+0000] {processor.py:183} INFO - Processing /opt/airflow/dags/dag_email_operator.py took 0.122 seconds
[2025-04-01T09:20:49.314+0000] {processor.py:161} INFO - Started process (PID=243) to work on /opt/airflow/dags/dag_email_operator.py
[2025-04-01T09:20:49.317+0000] {processor.py:830} INFO - Processing file /opt/airflow/dags/dag_email_operator.py for tasks to queue
[2025-04-01T09:20:49.322+0000] {logging_mixin.py:188} INFO - [2025-04-01T09:20:49.321+0000] {dagbag.py:538} INFO - Filling up the DagBag from /opt/airflow/dags/dag_email_operator.py
[2025-04-01T09:20:49.378+0000] {processor.py:840} INFO - DAG(s) 'dag_email_operator' retrieved from /opt/airflow/dags/dag_email_operator.py
[2025-04-01T09:20:49.438+0000] {logging_mixin.py:188} INFO - [2025-04-01T09:20:49.438+0000] {dag.py:3036} INFO - Sync 1 DAGs
[2025-04-01T09:20:49.495+0000] {logging_mixin.py:188} INFO - [2025-04-01T09:20:49.495+0000] {dag.py:3823} INFO - Setting next_dagrun for dag_email_operator to 2025-02-28 23:00:00+00:00, run_after=2025-03-31 23:00:00+00:00
[2025-04-01T09:20:49.536+0000] {processor.py:183} INFO - Processing /opt/airflow/dags/dag_email_operator.py took 0.232 seconds
[2025-04-01T09:21:20.568+0000] {processor.py:161} INFO - Started process (PID=308) to work on /opt/airflow/dags/dag_email_operator.py
[2025-04-01T09:21:20.570+0000] {processor.py:830} INFO - Processing file /opt/airflow/dags/dag_email_operator.py for tasks to queue
[2025-04-01T09:21:20.573+0000] {logging_mixin.py:188} INFO - [2025-04-01T09:21:20.572+0000] {dagbag.py:538} INFO - Filling up the DagBag from /opt/airflow/dags/dag_email_operator.py
[2025-04-01T09:21:20.602+0000] {processor.py:840} INFO - DAG(s) 'dag_email_operator' retrieved from /opt/airflow/dags/dag_email_operator.py
[2025-04-01T09:21:20.623+0000] {logging_mixin.py:188} INFO - [2025-04-01T09:21:20.623+0000] {dag.py:3036} INFO - Sync 1 DAGs
[2025-04-01T09:21:20.648+0000] {logging_mixin.py:188} INFO - [2025-04-01T09:21:20.648+0000] {dag.py:3823} INFO - Setting next_dagrun for dag_email_operator to 2025-02-28 23:00:00+00:00, run_after=2025-03-31 23:00:00+00:00
[2025-04-01T09:21:20.672+0000] {processor.py:183} INFO - Processing /opt/airflow/dags/dag_email_operator.py took 0.108 seconds
[2025-04-01T09:21:50.961+0000] {processor.py:161} INFO - Started process (PID=371) to work on /opt/airflow/dags/dag_email_operator.py
[2025-04-01T09:21:50.963+0000] {processor.py:830} INFO - Processing file /opt/airflow/dags/dag_email_operator.py for tasks to queue
[2025-04-01T09:21:50.965+0000] {logging_mixin.py:188} INFO - [2025-04-01T09:21:50.965+0000] {dagbag.py:538} INFO - Filling up the DagBag from /opt/airflow/dags/dag_email_operator.py
[2025-04-01T09:21:50.991+0000] {processor.py:840} INFO - DAG(s) 'dag_email_operator' retrieved from /opt/airflow/dags/dag_email_operator.py
[2025-04-01T09:21:51.016+0000] {logging_mixin.py:188} INFO - [2025-04-01T09:21:51.016+0000] {dag.py:3036} INFO - Sync 1 DAGs
[2025-04-01T09:21:51.041+0000] {logging_mixin.py:188} INFO - [2025-04-01T09:21:51.041+0000] {dag.py:3823} INFO - Setting next_dagrun for dag_email_operator to 2025-02-28 23:00:00+00:00, run_after=2025-03-31 23:00:00+00:00
[2025-04-01T09:21:51.063+0000] {processor.py:183} INFO - Processing /opt/airflow/dags/dag_email_operator.py took 0.106 seconds
[2025-04-01T09:22:23.579+0000] {processor.py:161} INFO - Started process (PID=439) to work on /opt/airflow/dags/dag_email_operator.py
[2025-04-01T09:22:23.582+0000] {processor.py:830} INFO - Processing file /opt/airflow/dags/dag_email_operator.py for tasks to queue
[2025-04-01T09:22:23.588+0000] {logging_mixin.py:188} INFO - [2025-04-01T09:22:23.586+0000] {dagbag.py:538} INFO - Filling up the DagBag from /opt/airflow/dags/dag_email_operator.py
[2025-04-01T09:22:23.657+0000] {processor.py:840} INFO - DAG(s) 'dag_email_operator' retrieved from /opt/airflow/dags/dag_email_operator.py
[2025-04-01T09:22:23.711+0000] {logging_mixin.py:188} INFO - [2025-04-01T09:22:23.711+0000] {dag.py:3036} INFO - Sync 1 DAGs
[2025-04-01T09:22:23.756+0000] {logging_mixin.py:188} INFO - [2025-04-01T09:22:23.756+0000] {dag.py:3823} INFO - Setting next_dagrun for dag_email_operator to 2025-02-28 23:00:00+00:00, run_after=2025-03-31 23:00:00+00:00
[2025-04-01T09:22:23.820+0000] {processor.py:183} INFO - Processing /opt/airflow/dags/dag_email_operator.py took 0.257 seconds
[2025-04-01T09:22:53.885+0000] {processor.py:161} INFO - Started process (PID=507) to work on /opt/airflow/dags/dag_email_operator.py
[2025-04-01T09:22:53.886+0000] {processor.py:830} INFO - Processing file /opt/airflow/dags/dag_email_operator.py for tasks to queue
[2025-04-01T09:22:53.888+0000] {logging_mixin.py:188} INFO - [2025-04-01T09:22:53.888+0000] {dagbag.py:538} INFO - Filling up the DagBag from /opt/airflow/dags/dag_email_operator.py
[2025-04-01T09:22:53.909+0000] {processor.py:840} INFO - DAG(s) 'dag_email_operator' retrieved from /opt/airflow/dags/dag_email_operator.py
[2025-04-01T09:22:53.926+0000] {logging_mixin.py:188} INFO - [2025-04-01T09:22:53.926+0000] {dag.py:3036} INFO - Sync 1 DAGs
[2025-04-01T09:22:53.941+0000] {logging_mixin.py:188} INFO - [2025-04-01T09:22:53.941+0000] {dag.py:3823} INFO - Setting next_dagrun for dag_email_operator to 2025-02-28 23:00:00+00:00, run_after=2025-03-31 23:00:00+00:00
[2025-04-01T09:22:53.955+0000] {processor.py:183} INFO - Processing /opt/airflow/dags/dag_email_operator.py took 0.075 seconds
[2025-04-01T09:23:24.852+0000] {processor.py:161} INFO - Started process (PID=575) to work on /opt/airflow/dags/dag_email_operator.py
[2025-04-01T09:23:24.854+0000] {processor.py:830} INFO - Processing file /opt/airflow/dags/dag_email_operator.py for tasks to queue
[2025-04-01T09:23:24.856+0000] {logging_mixin.py:188} INFO - [2025-04-01T09:23:24.856+0000] {dagbag.py:538} INFO - Filling up the DagBag from /opt/airflow/dags/dag_email_operator.py
[2025-04-01T09:23:24.890+0000] {processor.py:840} INFO - DAG(s) 'dag_email_operator' retrieved from /opt/airflow/dags/dag_email_operator.py
[2025-04-01T09:23:24.914+0000] {logging_mixin.py:188} INFO - [2025-04-01T09:23:24.914+0000] {dag.py:3036} INFO - Sync 1 DAGs
[2025-04-01T09:23:24.945+0000] {logging_mixin.py:188} INFO - [2025-04-01T09:23:24.945+0000] {dag.py:3823} INFO - Setting next_dagrun for dag_email_operator to 2025-02-28 23:00:00+00:00, run_after=2025-03-31 23:00:00+00:00
[2025-04-01T09:23:24.965+0000] {processor.py:183} INFO - Processing /opt/airflow/dags/dag_email_operator.py took 0.118 seconds
[2025-04-01T09:23:55.756+0000] {processor.py:161} INFO - Started process (PID=649) to work on /opt/airflow/dags/dag_email_operator.py
[2025-04-01T09:23:55.758+0000] {processor.py:830} INFO - Processing file /opt/airflow/dags/dag_email_operator.py for tasks to queue
[2025-04-01T09:23:55.762+0000] {logging_mixin.py:188} INFO - [2025-04-01T09:23:55.762+0000] {dagbag.py:538} INFO - Filling up the DagBag from /opt/airflow/dags/dag_email_operator.py
[2025-04-01T09:23:55.801+0000] {processor.py:840} INFO - DAG(s) 'dag_email_operator' retrieved from /opt/airflow/dags/dag_email_operator.py
[2025-04-01T09:23:55.834+0000] {logging_mixin.py:188} INFO - [2025-04-01T09:23:55.833+0000] {dag.py:3036} INFO - Sync 1 DAGs
[2025-04-01T09:23:55.874+0000] {logging_mixin.py:188} INFO - [2025-04-01T09:23:55.873+0000] {dag.py:3823} INFO - Setting next_dagrun for dag_email_operator to 2025-02-28 23:00:00+00:00, run_after=2025-03-31 23:00:00+00:00
[2025-04-01T09:23:55.904+0000] {processor.py:183} INFO - Processing /opt/airflow/dags/dag_email_operator.py took 0.154 seconds
[2025-04-01T09:24:26.430+0000] {processor.py:161} INFO - Started process (PID=717) to work on /opt/airflow/dags/dag_email_operator.py
[2025-04-01T09:24:26.431+0000] {processor.py:830} INFO - Processing file /opt/airflow/dags/dag_email_operator.py for tasks to queue
[2025-04-01T09:24:26.433+0000] {logging_mixin.py:188} INFO - [2025-04-01T09:24:26.433+0000] {dagbag.py:538} INFO - Filling up the DagBag from /opt/airflow/dags/dag_email_operator.py
[2025-04-01T09:24:26.456+0000] {processor.py:840} INFO - DAG(s) 'dag_email_operator' retrieved from /opt/airflow/dags/dag_email_operator.py
[2025-04-01T09:24:26.476+0000] {logging_mixin.py:188} INFO - [2025-04-01T09:24:26.475+0000] {dag.py:3036} INFO - Sync 1 DAGs
[2025-04-01T09:24:26.499+0000] {logging_mixin.py:188} INFO - [2025-04-01T09:24:26.499+0000] {dag.py:3823} INFO - Setting next_dagrun for dag_email_operator to 2025-02-28 23:00:00+00:00, run_after=2025-03-31 23:00:00+00:00
[2025-04-01T09:24:26.519+0000] {processor.py:183} INFO - Processing /opt/airflow/dags/dag_email_operator.py took 0.092 seconds
[2025-04-01T09:24:56.741+0000] {processor.py:161} INFO - Started process (PID=785) to work on /opt/airflow/dags/dag_email_operator.py
[2025-04-01T09:24:56.743+0000] {processor.py:830} INFO - Processing file /opt/airflow/dags/dag_email_operator.py for tasks to queue
[2025-04-01T09:24:56.747+0000] {logging_mixin.py:188} INFO - [2025-04-01T09:24:56.746+0000] {dagbag.py:538} INFO - Filling up the DagBag from /opt/airflow/dags/dag_email_operator.py
[2025-04-01T09:24:56.784+0000] {processor.py:840} INFO - DAG(s) 'dag_email_operator' retrieved from /opt/airflow/dags/dag_email_operator.py
[2025-04-01T09:24:56.816+0000] {logging_mixin.py:188} INFO - [2025-04-01T09:24:56.815+0000] {dag.py:3036} INFO - Sync 1 DAGs
[2025-04-01T09:24:56.853+0000] {logging_mixin.py:188} INFO - [2025-04-01T09:24:56.853+0000] {dag.py:3823} INFO - Setting next_dagrun for dag_email_operator to 2025-02-28 23:00:00+00:00, run_after=2025-03-31 23:00:00+00:00
[2025-04-01T09:24:56.887+0000] {processor.py:183} INFO - Processing /opt/airflow/dags/dag_email_operator.py took 0.152 seconds
[2025-04-01T09:26:28.219+0000] {processor.py:161} INFO - Started process (PID=90) to work on /opt/airflow/dags/dag_email_operator.py
[2025-04-01T09:26:28.222+0000] {processor.py:830} INFO - Processing file /opt/airflow/dags/dag_email_operator.py for tasks to queue
[2025-04-01T09:26:28.228+0000] {logging_mixin.py:188} INFO - [2025-04-01T09:26:28.227+0000] {dagbag.py:538} INFO - Filling up the DagBag from /opt/airflow/dags/dag_email_operator.py
[2025-04-01T09:26:28.338+0000] {processor.py:840} INFO - DAG(s) 'dag_email_operator' retrieved from /opt/airflow/dags/dag_email_operator.py
[2025-04-01T09:26:28.642+0000] {logging_mixin.py:188} INFO - [2025-04-01T09:26:28.640+0000] {override.py:1769} INFO - Created Permission View: can read on DAG:dag_email_operator
[2025-04-01T09:26:28.667+0000] {logging_mixin.py:188} INFO - [2025-04-01T09:26:28.666+0000] {override.py:1769} INFO - Created Permission View: can delete on DAG:dag_email_operator
[2025-04-01T09:26:28.683+0000] {logging_mixin.py:188} INFO - [2025-04-01T09:26:28.683+0000] {override.py:1769} INFO - Created Permission View: can edit on DAG:dag_email_operator
[2025-04-01T09:26:28.685+0000] {logging_mixin.py:188} INFO - [2025-04-01T09:26:28.684+0000] {dag.py:3036} INFO - Sync 1 DAGs
[2025-04-01T09:26:28.711+0000] {logging_mixin.py:188} INFO - [2025-04-01T09:26:28.710+0000] {dag.py:3058} INFO - Creating ORM DAG for dag_email_operator
[2025-04-01T09:26:28.739+0000] {logging_mixin.py:188} INFO - [2025-04-01T09:26:28.739+0000] {dag.py:3823} INFO - Setting next_dagrun for dag_email_operator to 2025-02-28 23:00:00+00:00, run_after=2025-03-31 23:00:00+00:00
[2025-04-01T09:26:28.786+0000] {processor.py:183} INFO - Processing /opt/airflow/dags/dag_email_operator.py took 0.575 seconds
[2025-04-01T09:26:59.067+0000] {processor.py:161} INFO - Started process (PID=158) to work on /opt/airflow/dags/dag_email_operator.py
[2025-04-01T09:26:59.069+0000] {processor.py:830} INFO - Processing file /opt/airflow/dags/dag_email_operator.py for tasks to queue
[2025-04-01T09:26:59.072+0000] {logging_mixin.py:188} INFO - [2025-04-01T09:26:59.072+0000] {dagbag.py:538} INFO - Filling up the DagBag from /opt/airflow/dags/dag_email_operator.py
[2025-04-01T09:26:59.104+0000] {processor.py:840} INFO - DAG(s) 'dag_email_operator' retrieved from /opt/airflow/dags/dag_email_operator.py
[2025-04-01T09:26:59.131+0000] {logging_mixin.py:188} INFO - [2025-04-01T09:26:59.130+0000] {dag.py:3036} INFO - Sync 1 DAGs
[2025-04-01T09:26:59.158+0000] {logging_mixin.py:188} INFO - [2025-04-01T09:26:59.158+0000] {dag.py:3823} INFO - Setting next_dagrun for dag_email_operator to 2025-02-28 23:00:00+00:00, run_after=2025-03-31 23:00:00+00:00
[2025-04-01T09:26:59.184+0000] {processor.py:183} INFO - Processing /opt/airflow/dags/dag_email_operator.py took 0.122 seconds
[2025-04-01T09:27:31.872+0000] {processor.py:161} INFO - Started process (PID=226) to work on /opt/airflow/dags/dag_email_operator.py
[2025-04-01T09:27:31.875+0000] {processor.py:830} INFO - Processing file /opt/airflow/dags/dag_email_operator.py for tasks to queue
[2025-04-01T09:27:31.882+0000] {logging_mixin.py:188} INFO - [2025-04-01T09:27:31.881+0000] {dagbag.py:538} INFO - Filling up the DagBag from /opt/airflow/dags/dag_email_operator.py
[2025-04-01T09:27:31.959+0000] {processor.py:840} INFO - DAG(s) 'dag_email_operator' retrieved from /opt/airflow/dags/dag_email_operator.py
[2025-04-01T09:27:32.017+0000] {logging_mixin.py:188} INFO - [2025-04-01T09:27:32.016+0000] {dag.py:3036} INFO - Sync 1 DAGs
[2025-04-01T09:27:32.096+0000] {logging_mixin.py:188} INFO - [2025-04-01T09:27:32.095+0000] {dag.py:3823} INFO - Setting next_dagrun for dag_email_operator to 2025-02-28 23:00:00+00:00, run_after=2025-03-31 23:00:00+00:00
[2025-04-01T09:27:32.177+0000] {processor.py:183} INFO - Processing /opt/airflow/dags/dag_email_operator.py took 0.311 seconds
[2025-04-01T09:28:02.301+0000] {processor.py:161} INFO - Started process (PID=294) to work on /opt/airflow/dags/dag_email_operator.py
[2025-04-01T09:28:02.302+0000] {processor.py:830} INFO - Processing file /opt/airflow/dags/dag_email_operator.py for tasks to queue
[2025-04-01T09:28:02.305+0000] {logging_mixin.py:188} INFO - [2025-04-01T09:28:02.305+0000] {dagbag.py:538} INFO - Filling up the DagBag from /opt/airflow/dags/dag_email_operator.py
[2025-04-01T09:28:02.337+0000] {processor.py:840} INFO - DAG(s) 'dag_email_operator' retrieved from /opt/airflow/dags/dag_email_operator.py
[2025-04-01T09:28:02.363+0000] {logging_mixin.py:188} INFO - [2025-04-01T09:28:02.363+0000] {dag.py:3036} INFO - Sync 1 DAGs
[2025-04-01T09:28:02.395+0000] {logging_mixin.py:188} INFO - [2025-04-01T09:28:02.395+0000] {dag.py:3823} INFO - Setting next_dagrun for dag_email_operator to 2025-02-28 23:00:00+00:00, run_after=2025-03-31 23:00:00+00:00
[2025-04-01T09:28:02.422+0000] {processor.py:183} INFO - Processing /opt/airflow/dags/dag_email_operator.py took 0.125 seconds
[2025-04-01T09:28:32.822+0000] {processor.py:161} INFO - Started process (PID=362) to work on /opt/airflow/dags/dag_email_operator.py
[2025-04-01T09:28:32.823+0000] {processor.py:830} INFO - Processing file /opt/airflow/dags/dag_email_operator.py for tasks to queue
[2025-04-01T09:28:32.825+0000] {logging_mixin.py:188} INFO - [2025-04-01T09:28:32.825+0000] {dagbag.py:538} INFO - Filling up the DagBag from /opt/airflow/dags/dag_email_operator.py
[2025-04-01T09:28:32.846+0000] {processor.py:840} INFO - DAG(s) 'dag_email_operator' retrieved from /opt/airflow/dags/dag_email_operator.py
[2025-04-01T09:28:32.862+0000] {logging_mixin.py:188} INFO - [2025-04-01T09:28:32.862+0000] {dag.py:3036} INFO - Sync 1 DAGs
[2025-04-01T09:28:32.880+0000] {logging_mixin.py:188} INFO - [2025-04-01T09:28:32.880+0000] {dag.py:3823} INFO - Setting next_dagrun for dag_email_operator to 2025-02-28 23:00:00+00:00, run_after=2025-03-31 23:00:00+00:00
[2025-04-01T09:28:32.894+0000] {processor.py:183} INFO - Processing /opt/airflow/dags/dag_email_operator.py took 0.074 seconds
[2025-04-01T09:29:05.470+0000] {processor.py:161} INFO - Started process (PID=430) to work on /opt/airflow/dags/dag_email_operator.py
[2025-04-01T09:29:05.472+0000] {processor.py:830} INFO - Processing file /opt/airflow/dags/dag_email_operator.py for tasks to queue
[2025-04-01T09:29:05.477+0000] {logging_mixin.py:188} INFO - [2025-04-01T09:29:05.476+0000] {dagbag.py:538} INFO - Filling up the DagBag from /opt/airflow/dags/dag_email_operator.py
[2025-04-01T09:29:05.518+0000] {processor.py:840} INFO - DAG(s) 'dag_email_operator' retrieved from /opt/airflow/dags/dag_email_operator.py
[2025-04-01T09:29:05.552+0000] {logging_mixin.py:188} INFO - [2025-04-01T09:29:05.552+0000] {dag.py:3036} INFO - Sync 1 DAGs
[2025-04-01T09:29:05.586+0000] {logging_mixin.py:188} INFO - [2025-04-01T09:29:05.586+0000] {dag.py:3823} INFO - Setting next_dagrun for dag_email_operator to 2025-02-28 23:00:00+00:00, run_after=2025-03-31 23:00:00+00:00
[2025-04-01T09:29:05.630+0000] {processor.py:183} INFO - Processing /opt/airflow/dags/dag_email_operator.py took 0.166 seconds
[2025-04-01T09:29:34.240+0000] {processor.py:161} INFO - Started process (PID=511) to work on /opt/airflow/dags/dag_email_operator.py
[2025-04-01T09:29:34.242+0000] {processor.py:830} INFO - Processing file /opt/airflow/dags/dag_email_operator.py for tasks to queue
[2025-04-01T09:29:34.245+0000] {logging_mixin.py:188} INFO - [2025-04-01T09:29:34.245+0000] {dagbag.py:538} INFO - Filling up the DagBag from /opt/airflow/dags/dag_email_operator.py
[2025-04-01T09:29:34.283+0000] {processor.py:840} INFO - DAG(s) 'dag_email_operator' retrieved from /opt/airflow/dags/dag_email_operator.py
[2025-04-01T09:29:34.317+0000] {logging_mixin.py:188} INFO - [2025-04-01T09:29:34.316+0000] {dag.py:3036} INFO - Sync 1 DAGs
[2025-04-01T09:29:34.353+0000] {logging_mixin.py:188} INFO - [2025-04-01T09:29:34.353+0000] {dag.py:3823} INFO - Setting next_dagrun for dag_email_operator to 2025-02-28 23:00:00+00:00, run_after=2025-03-31 23:00:00+00:00
[2025-04-01T09:29:34.384+0000] {processor.py:183} INFO - Processing /opt/airflow/dags/dag_email_operator.py took 0.149 seconds
[2025-04-01T09:30:05.024+0000] {processor.py:161} INFO - Started process (PID=567) to work on /opt/airflow/dags/dag_email_operator.py
[2025-04-01T09:30:05.025+0000] {processor.py:830} INFO - Processing file /opt/airflow/dags/dag_email_operator.py for tasks to queue
[2025-04-01T09:30:05.027+0000] {logging_mixin.py:188} INFO - [2025-04-01T09:30:05.027+0000] {dagbag.py:538} INFO - Filling up the DagBag from /opt/airflow/dags/dag_email_operator.py
[2025-04-01T09:30:05.050+0000] {processor.py:840} INFO - DAG(s) 'dag_email_operator' retrieved from /opt/airflow/dags/dag_email_operator.py
[2025-04-01T09:30:05.067+0000] {logging_mixin.py:188} INFO - [2025-04-01T09:30:05.067+0000] {dag.py:3036} INFO - Sync 1 DAGs
[2025-04-01T09:30:05.083+0000] {logging_mixin.py:188} INFO - [2025-04-01T09:30:05.083+0000] {dag.py:3823} INFO - Setting next_dagrun for dag_email_operator to 2025-02-28 23:00:00+00:00, run_after=2025-03-31 23:00:00+00:00
[2025-04-01T09:30:05.097+0000] {processor.py:183} INFO - Processing /opt/airflow/dags/dag_email_operator.py took 0.076 seconds
[2025-04-01T09:30:39.249+0000] {processor.py:161} INFO - Started process (PID=642) to work on /opt/airflow/dags/dag_email_operator.py
[2025-04-01T09:30:39.253+0000] {processor.py:830} INFO - Processing file /opt/airflow/dags/dag_email_operator.py for tasks to queue
[2025-04-01T09:30:39.260+0000] {logging_mixin.py:188} INFO - [2025-04-01T09:30:39.260+0000] {dagbag.py:538} INFO - Filling up the DagBag from /opt/airflow/dags/dag_email_operator.py
[2025-04-01T09:30:34.069+0000] {processor.py:840} INFO - DAG(s) 'dag_email_operator' retrieved from /opt/airflow/dags/dag_email_operator.py
[2025-04-01T09:30:34.146+0000] {logging_mixin.py:188} INFO - [2025-04-01T09:30:34.145+0000] {dag.py:3036} INFO - Sync 1 DAGs
[2025-04-01T09:30:34.228+0000] {logging_mixin.py:188} INFO - [2025-04-01T09:30:34.227+0000] {dag.py:3823} INFO - Setting next_dagrun for dag_email_operator to 2025-02-28 23:00:00+00:00, run_after=2025-03-31 23:00:00+00:00
[2025-04-01T09:30:34.292+0000] {processor.py:183} INFO - Processing /opt/airflow/dags/dag_email_operator.py took 0.353 seconds
[2025-04-01T09:31:04.977+0000] {processor.py:161} INFO - Started process (PID=700) to work on /opt/airflow/dags/dag_email_operator.py
[2025-04-01T09:31:04.979+0000] {processor.py:830} INFO - Processing file /opt/airflow/dags/dag_email_operator.py for tasks to queue
[2025-04-01T09:31:04.982+0000] {logging_mixin.py:188} INFO - [2025-04-01T09:31:04.982+0000] {dagbag.py:538} INFO - Filling up the DagBag from /opt/airflow/dags/dag_email_operator.py
[2025-04-01T09:31:05.033+0000] {processor.py:840} INFO - DAG(s) 'dag_email_operator' retrieved from /opt/airflow/dags/dag_email_operator.py
[2025-04-01T09:31:05.066+0000] {logging_mixin.py:188} INFO - [2025-04-01T09:31:05.066+0000] {dag.py:3036} INFO - Sync 1 DAGs
[2025-04-01T09:31:05.109+0000] {logging_mixin.py:188} INFO - [2025-04-01T09:31:05.109+0000] {dag.py:3823} INFO - Setting next_dagrun for dag_email_operator to 2025-02-28 23:00:00+00:00, run_after=2025-03-31 23:00:00+00:00
[2025-04-01T09:31:05.144+0000] {processor.py:183} INFO - Processing /opt/airflow/dags/dag_email_operator.py took 0.172 seconds
[2025-04-01T09:31:34.417+0000] {processor.py:161} INFO - Started process (PID=774) to work on /opt/airflow/dags/dag_email_operator.py
[2025-04-01T09:31:34.421+0000] {processor.py:830} INFO - Processing file /opt/airflow/dags/dag_email_operator.py for tasks to queue
[2025-04-01T09:31:34.428+0000] {logging_mixin.py:188} INFO - [2025-04-01T09:31:34.427+0000] {dagbag.py:538} INFO - Filling up the DagBag from /opt/airflow/dags/dag_email_operator.py
[2025-04-01T09:31:34.502+0000] {processor.py:840} INFO - DAG(s) 'dag_email_operator' retrieved from /opt/airflow/dags/dag_email_operator.py
[2025-04-01T09:31:34.560+0000] {logging_mixin.py:188} INFO - [2025-04-01T09:31:34.559+0000] {dag.py:3036} INFO - Sync 1 DAGs
[2025-04-01T09:31:34.636+0000] {logging_mixin.py:188} INFO - [2025-04-01T09:31:34.636+0000] {dag.py:3823} INFO - Setting next_dagrun for dag_email_operator to 2025-02-28 23:00:00+00:00, run_after=2025-03-31 23:00:00+00:00
[2025-04-01T09:31:34.708+0000] {processor.py:183} INFO - Processing /opt/airflow/dags/dag_email_operator.py took 0.298 seconds
[2025-04-01T09:32:05.524+0000] {processor.py:161} INFO - Started process (PID=838) to work on /opt/airflow/dags/dag_email_operator.py
[2025-04-01T09:32:05.525+0000] {processor.py:830} INFO - Processing file /opt/airflow/dags/dag_email_operator.py for tasks to queue
[2025-04-01T09:32:05.529+0000] {logging_mixin.py:188} INFO - [2025-04-01T09:32:05.528+0000] {dagbag.py:538} INFO - Filling up the DagBag from /opt/airflow/dags/dag_email_operator.py
[2025-04-01T09:32:05.565+0000] {processor.py:840} INFO - DAG(s) 'dag_email_operator' retrieved from /opt/airflow/dags/dag_email_operator.py
[2025-04-01T09:32:05.604+0000] {logging_mixin.py:188} INFO - [2025-04-01T09:32:05.603+0000] {dag.py:3036} INFO - Sync 1 DAGs
[2025-04-01T09:32:05.829+0000] {logging_mixin.py:188} INFO - [2025-04-01T09:32:05.829+0000] {dag.py:3823} INFO - Setting next_dagrun for dag_email_operator to 2025-02-28 23:00:00+00:00, run_after=2025-03-31 23:00:00+00:00
[2025-04-01T09:32:05.859+0000] {processor.py:183} INFO - Processing /opt/airflow/dags/dag_email_operator.py took 0.341 seconds
[2025-04-01T09:32:36.040+0000] {processor.py:161} INFO - Started process (PID=909) to work on /opt/airflow/dags/dag_email_operator.py
[2025-04-01T09:32:36.041+0000] {processor.py:830} INFO - Processing file /opt/airflow/dags/dag_email_operator.py for tasks to queue
[2025-04-01T09:32:36.044+0000] {logging_mixin.py:188} INFO - [2025-04-01T09:32:36.043+0000] {dagbag.py:538} INFO - Filling up the DagBag from /opt/airflow/dags/dag_email_operator.py
[2025-04-01T09:32:36.074+0000] {processor.py:840} INFO - DAG(s) 'dag_email_operator' retrieved from /opt/airflow/dags/dag_email_operator.py
[2025-04-01T09:32:36.100+0000] {logging_mixin.py:188} INFO - [2025-04-01T09:32:36.100+0000] {dag.py:3036} INFO - Sync 1 DAGs
[2025-04-01T09:32:36.128+0000] {logging_mixin.py:188} INFO - [2025-04-01T09:32:36.128+0000] {dag.py:3823} INFO - Setting next_dagrun for dag_email_operator to 2025-02-28 23:00:00+00:00, run_after=2025-03-31 23:00:00+00:00
[2025-04-01T09:32:36.152+0000] {processor.py:183} INFO - Processing /opt/airflow/dags/dag_email_operator.py took 0.117 seconds
[2025-04-01T09:33:06.237+0000] {processor.py:161} INFO - Started process (PID=975) to work on /opt/airflow/dags/dag_email_operator.py
[2025-04-01T09:33:06.239+0000] {processor.py:830} INFO - Processing file /opt/airflow/dags/dag_email_operator.py for tasks to queue
[2025-04-01T09:33:06.242+0000] {logging_mixin.py:188} INFO - [2025-04-01T09:33:06.242+0000] {dagbag.py:538} INFO - Filling up the DagBag from /opt/airflow/dags/dag_email_operator.py
[2025-04-01T09:33:06.275+0000] {processor.py:840} INFO - DAG(s) 'dag_email_operator' retrieved from /opt/airflow/dags/dag_email_operator.py
[2025-04-01T09:33:06.299+0000] {logging_mixin.py:188} INFO - [2025-04-01T09:33:06.299+0000] {dag.py:3036} INFO - Sync 1 DAGs
[2025-04-01T09:33:06.327+0000] {logging_mixin.py:188} INFO - [2025-04-01T09:33:06.327+0000] {dag.py:3823} INFO - Setting next_dagrun for dag_email_operator to 2025-02-28 23:00:00+00:00, run_after=2025-03-31 23:00:00+00:00
[2025-04-01T09:33:06.351+0000] {processor.py:183} INFO - Processing /opt/airflow/dags/dag_email_operator.py took 0.119 seconds
[2025-04-01T09:33:37.016+0000] {processor.py:161} INFO - Started process (PID=1044) to work on /opt/airflow/dags/dag_email_operator.py
[2025-04-01T09:33:37.017+0000] {processor.py:830} INFO - Processing file /opt/airflow/dags/dag_email_operator.py for tasks to queue
[2025-04-01T09:33:37.019+0000] {logging_mixin.py:188} INFO - [2025-04-01T09:33:37.019+0000] {dagbag.py:538} INFO - Filling up the DagBag from /opt/airflow/dags/dag_email_operator.py
[2025-04-01T09:33:37.041+0000] {processor.py:840} INFO - DAG(s) 'dag_email_operator' retrieved from /opt/airflow/dags/dag_email_operator.py
[2025-04-01T09:33:37.059+0000] {logging_mixin.py:188} INFO - [2025-04-01T09:33:37.059+0000] {dag.py:3036} INFO - Sync 1 DAGs
[2025-04-01T09:33:37.075+0000] {logging_mixin.py:188} INFO - [2025-04-01T09:33:37.075+0000] {dag.py:3823} INFO - Setting next_dagrun for dag_email_operator to 2025-02-28 23:00:00+00:00, run_after=2025-03-31 23:00:00+00:00
[2025-04-01T09:33:37.098+0000] {processor.py:183} INFO - Processing /opt/airflow/dags/dag_email_operator.py took 0.085 seconds
