[2025-04-01T09:19:44.342+0000] {processor.py:161} INFO - Started process (PID=87) to work on /opt/airflow/dags/dag_train_janhgae_grade_aim_model.py
[2025-04-01T09:19:44.346+0000] {processor.py:830} INFO - Processing file /opt/airflow/dags/dag_train_janhgae_grade_aim_model.py for tasks to queue
[2025-04-01T09:19:44.352+0000] {logging_mixin.py:188} INFO - [2025-04-01T09:19:44.352+0000] {dagbag.py:538} INFO - Filling up the DagBag from /opt/airflow/dags/dag_train_janhgae_grade_aim_model.py
[2025-04-01T09:19:46.516+0000] {processor.py:840} INFO - DAG(s) 'dag_train_janghae_grade_aim_model' retrieved from /opt/airflow/dags/dag_train_janhgae_grade_aim_model.py
[2025-04-01T09:19:47.037+0000] {logging_mixin.py:188} INFO - [2025-04-01T09:19:47.036+0000] {override.py:1769} INFO - Created Permission View: can read on DAG:dag_train_janghae_grade_aim_model
[2025-04-01T09:19:47.061+0000] {logging_mixin.py:188} INFO - [2025-04-01T09:19:47.060+0000] {override.py:1769} INFO - Created Permission View: can edit on DAG:dag_train_janghae_grade_aim_model
[2025-04-01T09:19:47.078+0000] {logging_mixin.py:188} INFO - [2025-04-01T09:19:47.078+0000] {override.py:1769} INFO - Created Permission View: can delete on DAG:dag_train_janghae_grade_aim_model
[2025-04-01T09:19:47.080+0000] {logging_mixin.py:188} INFO - [2025-04-01T09:19:47.079+0000] {dag.py:3036} INFO - Sync 1 DAGs
[2025-04-01T09:19:47.446+0000] {logging_mixin.py:188} INFO - [2025-04-01T09:19:47.445+0000] {dag.py:3058} INFO - Creating ORM DAG for dag_train_janghae_grade_aim_model
[2025-04-01T09:19:47.448+0000] {logging_mixin.py:188} INFO - [2025-04-01T09:19:47.448+0000] {dag.py:3823} INFO - Setting next_dagrun for dag_train_janghae_grade_aim_model to None, run_after=None
[2025-04-01T09:19:47.492+0000] {processor.py:183} INFO - Processing /opt/airflow/dags/dag_train_janhgae_grade_aim_model.py took 3.157 seconds
[2025-04-01T09:20:18.143+0000] {processor.py:161} INFO - Started process (PID=156) to work on /opt/airflow/dags/dag_train_janhgae_grade_aim_model.py
[2025-04-01T09:20:18.145+0000] {processor.py:830} INFO - Processing file /opt/airflow/dags/dag_train_janhgae_grade_aim_model.py for tasks to queue
[2025-04-01T09:20:18.147+0000] {logging_mixin.py:188} INFO - [2025-04-01T09:20:18.146+0000] {dagbag.py:538} INFO - Filling up the DagBag from /opt/airflow/dags/dag_train_janhgae_grade_aim_model.py
[2025-04-01T09:20:18.442+0000] {processor.py:840} INFO - DAG(s) 'dag_train_janghae_grade_aim_model' retrieved from /opt/airflow/dags/dag_train_janhgae_grade_aim_model.py
[2025-04-01T09:20:18.744+0000] {logging_mixin.py:188} INFO - [2025-04-01T09:20:18.743+0000] {dag.py:3036} INFO - Sync 1 DAGs
[2025-04-01T09:20:18.754+0000] {logging_mixin.py:188} INFO - [2025-04-01T09:20:18.754+0000] {dag.py:3823} INFO - Setting next_dagrun for dag_train_janghae_grade_aim_model to None, run_after=None
[2025-04-01T09:20:18.777+0000] {processor.py:183} INFO - Processing /opt/airflow/dags/dag_train_janhgae_grade_aim_model.py took 0.638 seconds
[2025-04-01T09:20:49.822+0000] {processor.py:161} INFO - Started process (PID=234) to work on /opt/airflow/dags/dag_train_janhgae_grade_aim_model.py
[2025-04-01T09:20:49.824+0000] {processor.py:830} INFO - Processing file /opt/airflow/dags/dag_train_janhgae_grade_aim_model.py for tasks to queue
[2025-04-01T09:20:49.829+0000] {logging_mixin.py:188} INFO - [2025-04-01T09:20:49.828+0000] {dagbag.py:538} INFO - Filling up the DagBag from /opt/airflow/dags/dag_train_janhgae_grade_aim_model.py
[2025-04-01T09:20:48.056+0000] {processor.py:840} INFO - DAG(s) 'dag_train_janghae_grade_aim_model' retrieved from /opt/airflow/dags/dag_train_janhgae_grade_aim_model.py
[2025-04-01T09:20:48.090+0000] {logging_mixin.py:188} INFO - [2025-04-01T09:20:48.089+0000] {dag.py:3036} INFO - Sync 1 DAGs
[2025-04-01T09:20:48.530+0000] {logging_mixin.py:188} INFO - [2025-04-01T09:20:48.528+0000] {dag.py:3823} INFO - Setting next_dagrun for dag_train_janghae_grade_aim_model to None, run_after=None
[2025-04-01T09:20:48.587+0000] {processor.py:183} INFO - Processing /opt/airflow/dags/dag_train_janhgae_grade_aim_model.py took 1.275 seconds
[2025-04-01T09:21:19.195+0000] {processor.py:161} INFO - Started process (PID=294) to work on /opt/airflow/dags/dag_train_janhgae_grade_aim_model.py
[2025-04-01T09:21:19.197+0000] {processor.py:830} INFO - Processing file /opt/airflow/dags/dag_train_janhgae_grade_aim_model.py for tasks to queue
[2025-04-01T09:21:19.198+0000] {logging_mixin.py:188} INFO - [2025-04-01T09:21:19.198+0000] {dagbag.py:538} INFO - Filling up the DagBag from /opt/airflow/dags/dag_train_janhgae_grade_aim_model.py
[2025-04-01T09:21:19.653+0000] {processor.py:840} INFO - DAG(s) 'dag_train_janghae_grade_aim_model' retrieved from /opt/airflow/dags/dag_train_janhgae_grade_aim_model.py
[2025-04-01T09:21:19.734+0000] {logging_mixin.py:188} INFO - [2025-04-01T09:21:19.733+0000] {dag.py:3036} INFO - Sync 1 DAGs
[2025-04-01T09:21:19.742+0000] {logging_mixin.py:188} INFO - [2025-04-01T09:21:19.742+0000] {dag.py:3823} INFO - Setting next_dagrun for dag_train_janghae_grade_aim_model to None, run_after=None
[2025-04-01T09:21:19.768+0000] {processor.py:183} INFO - Processing /opt/airflow/dags/dag_train_janhgae_grade_aim_model.py took 0.575 seconds
[2025-04-01T09:21:50.072+0000] {processor.py:161} INFO - Started process (PID=362) to work on /opt/airflow/dags/dag_train_janhgae_grade_aim_model.py
[2025-04-01T09:21:50.073+0000] {processor.py:830} INFO - Processing file /opt/airflow/dags/dag_train_janhgae_grade_aim_model.py for tasks to queue
[2025-04-01T09:21:50.076+0000] {logging_mixin.py:188} INFO - [2025-04-01T09:21:50.076+0000] {dagbag.py:538} INFO - Filling up the DagBag from /opt/airflow/dags/dag_train_janhgae_grade_aim_model.py
[2025-04-01T09:21:50.558+0000] {processor.py:840} INFO - DAG(s) 'dag_train_janghae_grade_aim_model' retrieved from /opt/airflow/dags/dag_train_janhgae_grade_aim_model.py
[2025-04-01T09:21:50.578+0000] {logging_mixin.py:188} INFO - [2025-04-01T09:21:50.577+0000] {dag.py:3036} INFO - Sync 1 DAGs
[2025-04-01T09:21:50.592+0000] {logging_mixin.py:188} INFO - [2025-04-01T09:21:50.592+0000] {dag.py:3823} INFO - Setting next_dagrun for dag_train_janghae_grade_aim_model to None, run_after=None
[2025-04-01T09:21:50.616+0000] {processor.py:183} INFO - Processing /opt/airflow/dags/dag_train_janhgae_grade_aim_model.py took 0.547 seconds
[2025-04-01T09:22:21.625+0000] {processor.py:161} INFO - Started process (PID=430) to work on /opt/airflow/dags/dag_train_janhgae_grade_aim_model.py
[2025-04-01T09:22:21.628+0000] {processor.py:830} INFO - Processing file /opt/airflow/dags/dag_train_janhgae_grade_aim_model.py for tasks to queue
[2025-04-01T09:22:21.633+0000] {logging_mixin.py:188} INFO - [2025-04-01T09:22:21.633+0000] {dagbag.py:538} INFO - Filling up the DagBag from /opt/airflow/dags/dag_train_janhgae_grade_aim_model.py
[2025-04-01T09:22:22.773+0000] {processor.py:840} INFO - DAG(s) 'dag_train_janghae_grade_aim_model' retrieved from /opt/airflow/dags/dag_train_janhgae_grade_aim_model.py
[2025-04-01T09:22:22.826+0000] {logging_mixin.py:188} INFO - [2025-04-01T09:22:22.826+0000] {dag.py:3036} INFO - Sync 1 DAGs
[2025-04-01T09:22:22.854+0000] {logging_mixin.py:188} INFO - [2025-04-01T09:22:22.853+0000] {dag.py:3823} INFO - Setting next_dagrun for dag_train_janghae_grade_aim_model to None, run_after=None
[2025-04-01T09:22:22.908+0000] {processor.py:183} INFO - Processing /opt/airflow/dags/dag_train_janhgae_grade_aim_model.py took 1.290 seconds
[2025-04-01T09:22:47.973+0000] {processor.py:161} INFO - Started process (PID=498) to work on /opt/airflow/dags/dag_train_janhgae_grade_aim_model.py
[2025-04-01T09:22:47.974+0000] {processor.py:830} INFO - Processing file /opt/airflow/dags/dag_train_janhgae_grade_aim_model.py for tasks to queue
[2025-04-01T09:22:47.976+0000] {logging_mixin.py:188} INFO - [2025-04-01T09:22:47.976+0000] {dagbag.py:538} INFO - Filling up the DagBag from /opt/airflow/dags/dag_train_janhgae_grade_aim_model.py
[2025-04-01T09:22:48.409+0000] {processor.py:840} INFO - DAG(s) 'dag_train_janghae_grade_aim_model' retrieved from /opt/airflow/dags/dag_train_janhgae_grade_aim_model.py
[2025-04-01T09:22:48.471+0000] {logging_mixin.py:188} INFO - [2025-04-01T09:22:48.470+0000] {dag.py:3036} INFO - Sync 1 DAGs
[2025-04-01T09:22:48.477+0000] {logging_mixin.py:188} INFO - [2025-04-01T09:22:48.477+0000] {dag.py:3823} INFO - Setting next_dagrun for dag_train_janghae_grade_aim_model to None, run_after=None
[2025-04-01T09:22:48.493+0000] {processor.py:183} INFO - Processing /opt/airflow/dags/dag_train_janhgae_grade_aim_model.py took 0.523 seconds
[2025-04-01T09:23:18.697+0000] {processor.py:161} INFO - Started process (PID=564) to work on /opt/airflow/dags/dag_train_janhgae_grade_aim_model.py
[2025-04-01T09:23:18.698+0000] {processor.py:830} INFO - Processing file /opt/airflow/dags/dag_train_janhgae_grade_aim_model.py for tasks to queue
[2025-04-01T09:23:18.700+0000] {logging_mixin.py:188} INFO - [2025-04-01T09:23:18.700+0000] {dagbag.py:538} INFO - Filling up the DagBag from /opt/airflow/dags/dag_train_janhgae_grade_aim_model.py
[2025-04-01T09:23:19.214+0000] {processor.py:840} INFO - DAG(s) 'dag_train_janghae_grade_aim_model' retrieved from /opt/airflow/dags/dag_train_janhgae_grade_aim_model.py
[2025-04-01T09:23:19.307+0000] {logging_mixin.py:188} INFO - [2025-04-01T09:23:19.307+0000] {dag.py:3036} INFO - Sync 1 DAGs
[2025-04-01T09:23:19.319+0000] {logging_mixin.py:188} INFO - [2025-04-01T09:23:19.319+0000] {dag.py:3823} INFO - Setting next_dagrun for dag_train_janghae_grade_aim_model to None, run_after=None
[2025-04-01T09:23:19.340+0000] {processor.py:183} INFO - Processing /opt/airflow/dags/dag_train_janhgae_grade_aim_model.py took 0.646 seconds
[2025-04-01T09:23:49.944+0000] {processor.py:161} INFO - Started process (PID=632) to work on /opt/airflow/dags/dag_train_janhgae_grade_aim_model.py
[2025-04-01T09:23:49.946+0000] {processor.py:830} INFO - Processing file /opt/airflow/dags/dag_train_janhgae_grade_aim_model.py for tasks to queue
[2025-04-01T09:23:49.950+0000] {logging_mixin.py:188} INFO - [2025-04-01T09:23:49.949+0000] {dagbag.py:538} INFO - Filling up the DagBag from /opt/airflow/dags/dag_train_janhgae_grade_aim_model.py
[2025-04-01T09:23:50.713+0000] {processor.py:840} INFO - DAG(s) 'dag_train_janghae_grade_aim_model' retrieved from /opt/airflow/dags/dag_train_janhgae_grade_aim_model.py
[2025-04-01T09:23:50.749+0000] {logging_mixin.py:188} INFO - [2025-04-01T09:23:50.748+0000] {dag.py:3036} INFO - Sync 1 DAGs
[2025-04-01T09:23:50.769+0000] {logging_mixin.py:188} INFO - [2025-04-01T09:23:50.768+0000] {dag.py:3823} INFO - Setting next_dagrun for dag_train_janghae_grade_aim_model to None, run_after=None
[2025-04-01T09:23:50.808+0000] {processor.py:183} INFO - Processing /opt/airflow/dags/dag_train_janhgae_grade_aim_model.py took 0.870 seconds
[2025-04-01T09:24:21.291+0000] {processor.py:161} INFO - Started process (PID=706) to work on /opt/airflow/dags/dag_train_janhgae_grade_aim_model.py
[2025-04-01T09:24:21.292+0000] {processor.py:830} INFO - Processing file /opt/airflow/dags/dag_train_janhgae_grade_aim_model.py for tasks to queue
[2025-04-01T09:24:21.294+0000] {logging_mixin.py:188} INFO - [2025-04-01T09:24:21.294+0000] {dagbag.py:538} INFO - Filling up the DagBag from /opt/airflow/dags/dag_train_janhgae_grade_aim_model.py
[2025-04-01T09:24:21.838+0000] {processor.py:840} INFO - DAG(s) 'dag_train_janghae_grade_aim_model' retrieved from /opt/airflow/dags/dag_train_janhgae_grade_aim_model.py
[2025-04-01T09:24:21.857+0000] {logging_mixin.py:188} INFO - [2025-04-01T09:24:21.857+0000] {dag.py:3036} INFO - Sync 1 DAGs
[2025-04-01T09:24:21.870+0000] {logging_mixin.py:188} INFO - [2025-04-01T09:24:21.870+0000] {dag.py:3823} INFO - Setting next_dagrun for dag_train_janghae_grade_aim_model to None, run_after=None
[2025-04-01T09:24:21.898+0000] {processor.py:183} INFO - Processing /opt/airflow/dags/dag_train_janhgae_grade_aim_model.py took 0.611 seconds
[2025-04-01T09:24:52.775+0000] {processor.py:161} INFO - Started process (PID=774) to work on /opt/airflow/dags/dag_train_janhgae_grade_aim_model.py
[2025-04-01T09:24:52.777+0000] {processor.py:830} INFO - Processing file /opt/airflow/dags/dag_train_janhgae_grade_aim_model.py for tasks to queue
[2025-04-01T09:24:52.782+0000] {logging_mixin.py:188} INFO - [2025-04-01T09:24:52.780+0000] {dagbag.py:538} INFO - Filling up the DagBag from /opt/airflow/dags/dag_train_janhgae_grade_aim_model.py
[2025-04-01T09:24:53.701+0000] {processor.py:840} INFO - DAG(s) 'dag_train_janghae_grade_aim_model' retrieved from /opt/airflow/dags/dag_train_janhgae_grade_aim_model.py
[2025-04-01T09:24:53.873+0000] {logging_mixin.py:188} INFO - [2025-04-01T09:24:53.871+0000] {dag.py:3036} INFO - Sync 1 DAGs
[2025-04-01T09:24:53.892+0000] {logging_mixin.py:188} INFO - [2025-04-01T09:24:53.891+0000] {dag.py:3823} INFO - Setting next_dagrun for dag_train_janghae_grade_aim_model to None, run_after=None
[2025-04-01T09:24:53.939+0000] {processor.py:183} INFO - Processing /opt/airflow/dags/dag_train_janhgae_grade_aim_model.py took 1.171 seconds
[2025-04-01T09:26:20.769+0000] {processor.py:161} INFO - Started process (PID=81) to work on /opt/airflow/dags/dag_train_janhgae_grade_aim_model.py
[2025-04-01T09:26:20.771+0000] {processor.py:830} INFO - Processing file /opt/airflow/dags/dag_train_janhgae_grade_aim_model.py for tasks to queue
[2025-04-01T09:26:20.777+0000] {logging_mixin.py:188} INFO - [2025-04-01T09:26:20.776+0000] {dagbag.py:538} INFO - Filling up the DagBag from /opt/airflow/dags/dag_train_janhgae_grade_aim_model.py
[2025-04-01T09:26:25.844+0000] {processor.py:840} INFO - DAG(s) 'dag_train_janghae_grade_aim_model' retrieved from /opt/airflow/dags/dag_train_janhgae_grade_aim_model.py
[2025-04-01T09:26:26.440+0000] {logging_mixin.py:188} INFO - [2025-04-01T09:26:26.438+0000] {override.py:1769} INFO - Created Permission View: can read on DAG:dag_train_janghae_grade_aim_model
[2025-04-01T09:26:26.463+0000] {logging_mixin.py:188} INFO - [2025-04-01T09:26:26.462+0000] {override.py:1769} INFO - Created Permission View: can delete on DAG:dag_train_janghae_grade_aim_model
[2025-04-01T09:26:26.484+0000] {logging_mixin.py:188} INFO - [2025-04-01T09:26:26.483+0000] {override.py:1769} INFO - Created Permission View: can edit on DAG:dag_train_janghae_grade_aim_model
[2025-04-01T09:26:26.486+0000] {logging_mixin.py:188} INFO - [2025-04-01T09:26:26.485+0000] {dag.py:3036} INFO - Sync 1 DAGs
[2025-04-01T09:26:26.936+0000] {logging_mixin.py:188} INFO - [2025-04-01T09:26:26.935+0000] {dag.py:3058} INFO - Creating ORM DAG for dag_train_janghae_grade_aim_model
[2025-04-01T09:26:26.938+0000] {logging_mixin.py:188} INFO - [2025-04-01T09:26:26.938+0000] {dag.py:3823} INFO - Setting next_dagrun for dag_train_janghae_grade_aim_model to None, run_after=None
[2025-04-01T09:26:26.986+0000] {processor.py:183} INFO - Processing /opt/airflow/dags/dag_train_janhgae_grade_aim_model.py took 6.232 seconds
[2025-04-01T09:26:57.991+0000] {processor.py:161} INFO - Started process (PID=149) to work on /opt/airflow/dags/dag_train_janhgae_grade_aim_model.py
[2025-04-01T09:26:57.992+0000] {processor.py:830} INFO - Processing file /opt/airflow/dags/dag_train_janhgae_grade_aim_model.py for tasks to queue
[2025-04-01T09:26:57.994+0000] {logging_mixin.py:188} INFO - [2025-04-01T09:26:57.994+0000] {dagbag.py:538} INFO - Filling up the DagBag from /opt/airflow/dags/dag_train_janhgae_grade_aim_model.py
[2025-04-01T09:26:58.334+0000] {processor.py:840} INFO - DAG(s) 'dag_train_janghae_grade_aim_model' retrieved from /opt/airflow/dags/dag_train_janhgae_grade_aim_model.py
[2025-04-01T09:26:58.667+0000] {logging_mixin.py:188} INFO - [2025-04-01T09:26:58.667+0000] {dag.py:3036} INFO - Sync 1 DAGs
[2025-04-01T09:26:58.677+0000] {logging_mixin.py:188} INFO - [2025-04-01T09:26:58.677+0000] {dag.py:3823} INFO - Setting next_dagrun for dag_train_janghae_grade_aim_model to None, run_after=None
[2025-04-01T09:26:58.709+0000] {processor.py:183} INFO - Processing /opt/airflow/dags/dag_train_janhgae_grade_aim_model.py took 0.721 seconds
[2025-04-01T09:27:29.117+0000] {processor.py:161} INFO - Started process (PID=217) to work on /opt/airflow/dags/dag_train_janhgae_grade_aim_model.py
[2025-04-01T09:27:29.119+0000] {processor.py:830} INFO - Processing file /opt/airflow/dags/dag_train_janhgae_grade_aim_model.py for tasks to queue
[2025-04-01T09:27:29.124+0000] {logging_mixin.py:188} INFO - [2025-04-01T09:27:29.123+0000] {dagbag.py:538} INFO - Filling up the DagBag from /opt/airflow/dags/dag_train_janhgae_grade_aim_model.py
[2025-04-01T09:27:29.705+0000] {processor.py:840} INFO - DAG(s) 'dag_train_janghae_grade_aim_model' retrieved from /opt/airflow/dags/dag_train_janhgae_grade_aim_model.py
[2025-04-01T09:27:29.745+0000] {logging_mixin.py:188} INFO - [2025-04-01T09:27:29.745+0000] {dag.py:3036} INFO - Sync 1 DAGs
[2025-04-01T09:27:30.155+0000] {logging_mixin.py:188} INFO - [2025-04-01T09:27:30.155+0000] {dag.py:3823} INFO - Setting next_dagrun for dag_train_janghae_grade_aim_model to None, run_after=None
[2025-04-01T09:27:30.208+0000] {processor.py:183} INFO - Processing /opt/airflow/dags/dag_train_janhgae_grade_aim_model.py took 1.097 seconds
[2025-04-01T09:28:01.178+0000] {processor.py:161} INFO - Started process (PID=285) to work on /opt/airflow/dags/dag_train_janhgae_grade_aim_model.py
[2025-04-01T09:28:01.179+0000] {processor.py:830} INFO - Processing file /opt/airflow/dags/dag_train_janhgae_grade_aim_model.py for tasks to queue
[2025-04-01T09:28:01.182+0000] {logging_mixin.py:188} INFO - [2025-04-01T09:28:01.181+0000] {dagbag.py:538} INFO - Filling up the DagBag from /opt/airflow/dags/dag_train_janhgae_grade_aim_model.py
[2025-04-01T09:28:01.719+0000] {processor.py:840} INFO - DAG(s) 'dag_train_janghae_grade_aim_model' retrieved from /opt/airflow/dags/dag_train_janhgae_grade_aim_model.py
[2025-04-01T09:28:01.807+0000] {logging_mixin.py:188} INFO - [2025-04-01T09:28:01.806+0000] {dag.py:3036} INFO - Sync 1 DAGs
[2025-04-01T09:28:01.817+0000] {logging_mixin.py:188} INFO - [2025-04-01T09:28:01.816+0000] {dag.py:3823} INFO - Setting next_dagrun for dag_train_janghae_grade_aim_model to None, run_after=None
[2025-04-01T09:28:01.844+0000] {processor.py:183} INFO - Processing /opt/airflow/dags/dag_train_janhgae_grade_aim_model.py took 0.670 seconds
[2025-04-01T09:28:32.005+0000] {processor.py:161} INFO - Started process (PID=353) to work on /opt/airflow/dags/dag_train_janhgae_grade_aim_model.py
[2025-04-01T09:28:32.006+0000] {processor.py:830} INFO - Processing file /opt/airflow/dags/dag_train_janhgae_grade_aim_model.py for tasks to queue
[2025-04-01T09:28:32.010+0000] {logging_mixin.py:188} INFO - [2025-04-01T09:28:32.010+0000] {dagbag.py:538} INFO - Filling up the DagBag from /opt/airflow/dags/dag_train_janhgae_grade_aim_model.py
[2025-04-01T09:28:32.432+0000] {processor.py:840} INFO - DAG(s) 'dag_train_janghae_grade_aim_model' retrieved from /opt/airflow/dags/dag_train_janhgae_grade_aim_model.py
[2025-04-01T09:28:32.498+0000] {logging_mixin.py:188} INFO - [2025-04-01T09:28:32.498+0000] {dag.py:3036} INFO - Sync 1 DAGs
[2025-04-01T09:28:32.506+0000] {logging_mixin.py:188} INFO - [2025-04-01T09:28:32.506+0000] {dag.py:3823} INFO - Setting next_dagrun for dag_train_janghae_grade_aim_model to None, run_after=None
[2025-04-01T09:28:32.521+0000] {processor.py:183} INFO - Processing /opt/airflow/dags/dag_train_janhgae_grade_aim_model.py took 0.519 seconds
[2025-04-01T09:29:03.088+0000] {processor.py:161} INFO - Started process (PID=421) to work on /opt/airflow/dags/dag_train_janhgae_grade_aim_model.py
[2025-04-01T09:29:03.090+0000] {processor.py:830} INFO - Processing file /opt/airflow/dags/dag_train_janhgae_grade_aim_model.py for tasks to queue
[2025-04-01T09:29:03.094+0000] {logging_mixin.py:188} INFO - [2025-04-01T09:29:03.093+0000] {dagbag.py:538} INFO - Filling up the DagBag from /opt/airflow/dags/dag_train_janhgae_grade_aim_model.py
[2025-04-01T09:29:03.973+0000] {processor.py:840} INFO - DAG(s) 'dag_train_janghae_grade_aim_model' retrieved from /opt/airflow/dags/dag_train_janhgae_grade_aim_model.py
[2025-04-01T09:29:04.149+0000] {logging_mixin.py:188} INFO - [2025-04-01T09:29:04.148+0000] {dag.py:3036} INFO - Sync 1 DAGs
[2025-04-01T09:29:04.166+0000] {logging_mixin.py:188} INFO - [2025-04-01T09:29:04.165+0000] {dag.py:3823} INFO - Setting next_dagrun for dag_train_janghae_grade_aim_model to None, run_after=None
[2025-04-01T09:29:04.226+0000] {processor.py:183} INFO - Processing /opt/airflow/dags/dag_train_janhgae_grade_aim_model.py took 1.144 seconds
[2025-04-01T09:29:34.893+0000] {processor.py:161} INFO - Started process (PID=491) to work on /opt/airflow/dags/dag_train_janhgae_grade_aim_model.py
[2025-04-01T09:29:34.895+0000] {processor.py:830} INFO - Processing file /opt/airflow/dags/dag_train_janhgae_grade_aim_model.py for tasks to queue
[2025-04-01T09:29:34.899+0000] {logging_mixin.py:188} INFO - [2025-04-01T09:29:34.898+0000] {dagbag.py:538} INFO - Filling up the DagBag from /opt/airflow/dags/dag_train_janhgae_grade_aim_model.py
[2025-04-01T09:29:35.588+0000] {processor.py:840} INFO - DAG(s) 'dag_train_janghae_grade_aim_model' retrieved from /opt/airflow/dags/dag_train_janhgae_grade_aim_model.py
[2025-04-01T09:29:35.712+0000] {logging_mixin.py:188} INFO - [2025-04-01T09:29:35.712+0000] {dag.py:3036} INFO - Sync 1 DAGs
[2025-04-01T09:29:35.725+0000] {logging_mixin.py:188} INFO - [2025-04-01T09:29:35.725+0000] {dag.py:3823} INFO - Setting next_dagrun for dag_train_janghae_grade_aim_model to None, run_after=None
[2025-04-01T09:29:35.759+0000] {processor.py:183} INFO - Processing /opt/airflow/dags/dag_train_janhgae_grade_aim_model.py took 0.872 seconds
[2025-04-01T09:30:05.839+0000] {processor.py:161} INFO - Started process (PID=581) to work on /opt/airflow/dags/dag_train_janhgae_grade_aim_model.py
[2025-04-01T09:30:05.841+0000] {processor.py:830} INFO - Processing file /opt/airflow/dags/dag_train_janhgae_grade_aim_model.py for tasks to queue
[2025-04-01T09:30:05.843+0000] {logging_mixin.py:188} INFO - [2025-04-01T09:30:05.843+0000] {dagbag.py:538} INFO - Filling up the DagBag from /opt/airflow/dags/dag_train_janhgae_grade_aim_model.py
[2025-04-01T09:30:09.239+0000] {processor.py:840} INFO - DAG(s) 'dag_train_janghae_grade_aim_model' retrieved from /opt/airflow/dags/dag_train_janhgae_grade_aim_model.py
[2025-04-01T09:30:09.262+0000] {logging_mixin.py:188} INFO - [2025-04-01T09:30:09.261+0000] {dag.py:3036} INFO - Sync 1 DAGs
[2025-04-01T09:30:09.274+0000] {logging_mixin.py:188} INFO - [2025-04-01T09:30:09.274+0000] {dag.py:3823} INFO - Setting next_dagrun for dag_train_janghae_grade_aim_model to None, run_after=None
[2025-04-01T09:30:04.003+0000] {processor.py:183} INFO - Processing /opt/airflow/dags/dag_train_janhgae_grade_aim_model.py took 0.684 seconds
[2025-04-01T09:30:34.603+0000] {processor.py:161} INFO - Started process (PID=631) to work on /opt/airflow/dags/dag_train_janhgae_grade_aim_model.py
[2025-04-01T09:30:34.606+0000] {processor.py:830} INFO - Processing file /opt/airflow/dags/dag_train_janhgae_grade_aim_model.py for tasks to queue
[2025-04-01T09:30:34.609+0000] {logging_mixin.py:188} INFO - [2025-04-01T09:30:34.608+0000] {dagbag.py:538} INFO - Filling up the DagBag from /opt/airflow/dags/dag_train_janhgae_grade_aim_model.py
[2025-04-01T09:30:35.418+0000] {processor.py:840} INFO - DAG(s) 'dag_train_janghae_grade_aim_model' retrieved from /opt/airflow/dags/dag_train_janhgae_grade_aim_model.py
[2025-04-01T09:30:35.558+0000] {logging_mixin.py:188} INFO - [2025-04-01T09:30:35.557+0000] {dag.py:3036} INFO - Sync 1 DAGs
[2025-04-01T09:30:35.572+0000] {logging_mixin.py:188} INFO - [2025-04-01T09:30:35.572+0000] {dag.py:3823} INFO - Setting next_dagrun for dag_train_janghae_grade_aim_model to None, run_after=None
[2025-04-01T09:30:35.614+0000] {processor.py:183} INFO - Processing /opt/airflow/dags/dag_train_janhgae_grade_aim_model.py took 1.018 seconds
[2025-04-01T09:31:04.117+0000] {processor.py:161} INFO - Started process (PID=709) to work on /opt/airflow/dags/dag_train_janhgae_grade_aim_model.py
[2025-04-01T09:31:04.119+0000] {processor.py:830} INFO - Processing file /opt/airflow/dags/dag_train_janhgae_grade_aim_model.py for tasks to queue
[2025-04-01T09:31:04.123+0000] {logging_mixin.py:188} INFO - [2025-04-01T09:31:04.122+0000] {dagbag.py:538} INFO - Filling up the DagBag from /opt/airflow/dags/dag_train_janhgae_grade_aim_model.py
[2025-04-01T09:31:04.969+0000] {processor.py:840} INFO - DAG(s) 'dag_train_janghae_grade_aim_model' retrieved from /opt/airflow/dags/dag_train_janhgae_grade_aim_model.py
[2025-04-01T09:31:04.993+0000] {logging_mixin.py:188} INFO - [2025-04-01T09:31:04.992+0000] {dag.py:3036} INFO - Sync 1 DAGs
[2025-04-01T09:31:05.013+0000] {logging_mixin.py:188} INFO - [2025-04-01T09:31:05.012+0000] {dag.py:3823} INFO - Setting next_dagrun for dag_train_janghae_grade_aim_model to None, run_after=None
[2025-04-01T09:31:05.055+0000] {processor.py:183} INFO - Processing /opt/airflow/dags/dag_train_janhgae_grade_aim_model.py took 0.949 seconds
[2025-04-01T09:31:35.776+0000] {processor.py:161} INFO - Started process (PID=767) to work on /opt/airflow/dags/dag_train_janhgae_grade_aim_model.py
[2025-04-01T09:31:35.780+0000] {processor.py:830} INFO - Processing file /opt/airflow/dags/dag_train_janhgae_grade_aim_model.py for tasks to queue
[2025-04-01T09:31:35.787+0000] {logging_mixin.py:188} INFO - [2025-04-01T09:31:35.786+0000] {dagbag.py:538} INFO - Filling up the DagBag from /opt/airflow/dags/dag_train_janhgae_grade_aim_model.py
[2025-04-01T09:31:34.249+0000] {processor.py:840} INFO - DAG(s) 'dag_train_janghae_grade_aim_model' retrieved from /opt/airflow/dags/dag_train_janhgae_grade_aim_model.py
[2025-04-01T09:31:34.474+0000] {logging_mixin.py:188} INFO - [2025-04-01T09:31:34.472+0000] {dag.py:3036} INFO - Sync 1 DAGs
[2025-04-01T09:31:34.503+0000] {logging_mixin.py:188} INFO - [2025-04-01T09:31:34.502+0000] {dag.py:3823} INFO - Setting next_dagrun for dag_train_janghae_grade_aim_model to None, run_after=None
[2025-04-01T09:31:34.559+0000] {processor.py:183} INFO - Processing /opt/airflow/dags/dag_train_janhgae_grade_aim_model.py took 1.290 seconds
[2025-04-01T09:32:04.683+0000] {processor.py:161} INFO - Started process (PID=836) to work on /opt/airflow/dags/dag_train_janhgae_grade_aim_model.py
[2025-04-01T09:32:04.685+0000] {processor.py:830} INFO - Processing file /opt/airflow/dags/dag_train_janhgae_grade_aim_model.py for tasks to queue
[2025-04-01T09:32:04.690+0000] {logging_mixin.py:188} INFO - [2025-04-01T09:32:04.689+0000] {dagbag.py:538} INFO - Filling up the DagBag from /opt/airflow/dags/dag_train_janhgae_grade_aim_model.py
[2025-04-01T09:32:05.464+0000] {processor.py:840} INFO - DAG(s) 'dag_train_janghae_grade_aim_model' retrieved from /opt/airflow/dags/dag_train_janhgae_grade_aim_model.py
[2025-04-01T09:32:05.620+0000] {logging_mixin.py:188} INFO - [2025-04-01T09:32:05.620+0000] {dag.py:3036} INFO - Sync 1 DAGs
[2025-04-01T09:32:05.636+0000] {logging_mixin.py:188} INFO - [2025-04-01T09:32:05.636+0000] {dag.py:3823} INFO - Setting next_dagrun for dag_train_janghae_grade_aim_model to None, run_after=None
[2025-04-01T09:32:05.675+0000] {processor.py:183} INFO - Processing /opt/airflow/dags/dag_train_janhgae_grade_aim_model.py took 1.000 seconds
[2025-04-01T09:32:35.923+0000] {processor.py:161} INFO - Started process (PID=907) to work on /opt/airflow/dags/dag_train_janhgae_grade_aim_model.py
[2025-04-01T09:32:35.925+0000] {processor.py:830} INFO - Processing file /opt/airflow/dags/dag_train_janhgae_grade_aim_model.py for tasks to queue
[2025-04-01T09:32:35.928+0000] {logging_mixin.py:188} INFO - [2025-04-01T09:32:35.927+0000] {dagbag.py:538} INFO - Filling up the DagBag from /opt/airflow/dags/dag_train_janhgae_grade_aim_model.py
[2025-04-01T09:32:36.317+0000] {processor.py:840} INFO - DAG(s) 'dag_train_janghae_grade_aim_model' retrieved from /opt/airflow/dags/dag_train_janhgae_grade_aim_model.py
[2025-04-01T09:32:36.434+0000] {logging_mixin.py:188} INFO - [2025-04-01T09:32:36.433+0000] {dag.py:3036} INFO - Sync 1 DAGs
[2025-04-01T09:32:36.446+0000] {logging_mixin.py:188} INFO - [2025-04-01T09:32:36.445+0000] {dag.py:3823} INFO - Setting next_dagrun for dag_train_janghae_grade_aim_model to None, run_after=None
[2025-04-01T09:32:36.475+0000] {processor.py:183} INFO - Processing /opt/airflow/dags/dag_train_janhgae_grade_aim_model.py took 0.556 seconds
[2025-04-01T09:33:10.283+0000] {processor.py:161} INFO - Started process (PID=977) to work on /opt/airflow/dags/dag_train_janhgae_grade_aim_model.py
[2025-04-01T09:33:10.285+0000] {processor.py:830} INFO - Processing file /opt/airflow/dags/dag_train_janhgae_grade_aim_model.py for tasks to queue
[2025-04-01T09:33:10.288+0000] {logging_mixin.py:188} INFO - [2025-04-01T09:33:10.287+0000] {dagbag.py:538} INFO - Filling up the DagBag from /opt/airflow/dags/dag_train_janhgae_grade_aim_model.py
[2025-04-01T09:33:10.682+0000] {processor.py:840} INFO - DAG(s) 'dag_train_janghae_grade_aim_model' retrieved from /opt/airflow/dags/dag_train_janhgae_grade_aim_model.py
[2025-04-01T09:33:10.710+0000] {logging_mixin.py:188} INFO - [2025-04-01T09:33:10.709+0000] {dag.py:3036} INFO - Sync 1 DAGs
[2025-04-01T09:33:10.726+0000] {logging_mixin.py:188} INFO - [2025-04-01T09:33:10.725+0000] {dag.py:3823} INFO - Setting next_dagrun for dag_train_janghae_grade_aim_model to None, run_after=None
[2025-04-01T09:33:10.751+0000] {processor.py:183} INFO - Processing /opt/airflow/dags/dag_train_janhgae_grade_aim_model.py took 0.472 seconds
[2025-04-01T09:33:41.223+0000] {processor.py:161} INFO - Started process (PID=1051) to work on /opt/airflow/dags/dag_train_janhgae_grade_aim_model.py
[2025-04-01T09:33:41.229+0000] {processor.py:830} INFO - Processing file /opt/airflow/dags/dag_train_janhgae_grade_aim_model.py for tasks to queue
[2025-04-01T09:33:41.235+0000] {logging_mixin.py:188} INFO - [2025-04-01T09:33:41.234+0000] {dagbag.py:538} INFO - Filling up the DagBag from /opt/airflow/dags/dag_train_janhgae_grade_aim_model.py
[2025-04-01T09:33:42.018+0000] {processor.py:840} INFO - DAG(s) 'dag_train_janghae_grade_aim_model' retrieved from /opt/airflow/dags/dag_train_janhgae_grade_aim_model.py
[2025-04-01T09:33:42.057+0000] {logging_mixin.py:188} INFO - [2025-04-01T09:33:42.056+0000] {dag.py:3036} INFO - Sync 1 DAGs
[2025-04-01T09:33:42.085+0000] {logging_mixin.py:188} INFO - [2025-04-01T09:33:42.085+0000] {dag.py:3823} INFO - Setting next_dagrun for dag_train_janghae_grade_aim_model to None, run_after=None
[2025-04-01T09:33:42.120+0000] {processor.py:183} INFO - Processing /opt/airflow/dags/dag_train_janhgae_grade_aim_model.py took 0.905 seconds
